mode: atomic
github.com/multiversx/mx-chain-vm-go/cmd/testgen/dns/genDnsTest.go:18.27,20.16 2 0
github.com/multiversx/mx-chain-vm-go/cmd/testgen/dns/genDnsTest.go:20.16,21.13 1 0
github.com/multiversx/mx-chain-vm-go/cmd/testgen/dns/genDnsTest.go:23.2,24.19 2 0
github.com/multiversx/mx-chain-vm-go/cmd/testgen/dns/genDnsTest.go:32.54,34.16 2 0
github.com/multiversx/mx-chain-vm-go/cmd/testgen/dns/genDnsTest.go:34.16,35.13 1 0
github.com/multiversx/mx-chain-vm-go/cmd/testgen/dns/genDnsTest.go:37.2,37.71 1 0
github.com/multiversx/mx-chain-vm-go/cmd/testgen/dns/genDnsTest.go:40.13,53.39 4 0
github.com/multiversx/mx-chain-vm-go/cmd/testgen/dns/genDnsTest.go:53.39,54.16 1 0
github.com/multiversx/mx-chain-vm-go/cmd/testgen/dns/genDnsTest.go:54.16,56.4 1 0
github.com/multiversx/mx-chain-vm-go/cmd/testgen/dns/genDnsTest.go:57.3,63.10 1 0
github.com/multiversx/mx-chain-vm-go/cmd/testgen/dns/genDnsTest.go:65.2,82.39 2 0
github.com/multiversx/mx-chain-vm-go/cmd/testgen/dns/genDnsTest.go:82.39,104.3 1 0
github.com/multiversx/mx-chain-vm-go/cmd/testgen/dns/genDnsTest.go:106.2,106.39 1 0
github.com/multiversx/mx-chain-vm-go/cmd/testgen/dns/genDnsTest.go:106.39,129.3 1 0
github.com/multiversx/mx-chain-vm-go/cmd/testgen/dns/genDnsTest.go:132.2,136.16 3 0
github.com/multiversx/mx-chain-vm-go/cmd/testgen/dns/genDnsTest.go:136.16,138.3 1 0
github.com/multiversx/mx-chain-vm-go/cmd/scenariostest/scenariosTest.go:13.13,15.2 1 0
github.com/multiversx/mx-chain-vm-go/cmd/scenariostest/scenariosTest.go:19.41,35.2 1 0
github.com/multiversx/mx-chain-vm-go/cmd/scenariostest/scenariosTest.go:37.75,43.26 3 0
github.com/multiversx/mx-chain-vm-go/cmd/scenariostest/scenariosTest.go:43.26,45.3 1 0
github.com/multiversx/mx-chain-vm-go/cmd/scenariostest/scenariosTest.go:47.2,50.3 1 0
github.com/multiversx/mx-chain-vm-go/crypto/factory/cryptovm.go:12.45,14.16 2 0
github.com/multiversx/mx-chain-vm-go/crypto/factory/cryptovm.go:14.16,16.3 1 0
github.com/multiversx/mx-chain-vm-go/crypto/factory/cryptovm.go:18.2,19.16 2 0
github.com/multiversx/mx-chain-vm-go/crypto/factory/cryptovm.go:19.16,21.3 1 0
github.com/multiversx/mx-chain-vm-go/crypto/factory/cryptovm.go:23.2,33.8 1 0
github.com/multiversx/mx-chain-vm-go/crypto/hashing/hasher.go:15.26,17.2 1 0
github.com/multiversx/mx-chain-vm-go/crypto/hashing/hasher.go:20.54,23.16 3 0
github.com/multiversx/mx-chain-vm-go/crypto/hashing/hasher.go:23.16,25.3 1 0
github.com/multiversx/mx-chain-vm-go/crypto/hashing/hasher.go:27.2,28.20 2 0
github.com/multiversx/mx-chain-vm-go/crypto/hashing/hasher.go:32.57,35.16 3 0
github.com/multiversx/mx-chain-vm-go/crypto/hashing/hasher.go:35.16,37.3 1 0
github.com/multiversx/mx-chain-vm-go/crypto/hashing/hasher.go:39.2,40.20 2 0
github.com/multiversx/mx-chain-vm-go/crypto/hashing/hasher.go:44.57,47.16 3 0
github.com/multiversx/mx-chain-vm-go/crypto/hashing/hasher.go:47.16,49.3 1 0
github.com/multiversx/mx-chain-vm-go/crypto/hashing/hasher.go:51.2,52.20 2 0
github.com/multiversx/mx-chain-vm-go/config/gasSchedule.go:26.63,29.16 3 1
github.com/multiversx/mx-chain-vm-go/config/gasSchedule.go:29.16,31.3 1 0
github.com/multiversx/mx-chain-vm-go/config/gasSchedule.go:33.2,34.16 2 1
github.com/multiversx/mx-chain-vm-go/config/gasSchedule.go:34.16,36.3 1 0
github.com/multiversx/mx-chain-vm-go/config/gasSchedule.go:38.2,40.16 3 1
github.com/multiversx/mx-chain-vm-go/config/gasSchedule.go:40.16,42.3 1 0
github.com/multiversx/mx-chain-vm-go/config/gasSchedule.go:44.2,45.16 2 1
github.com/multiversx/mx-chain-vm-go/config/gasSchedule.go:45.16,47.3 1 0
github.com/multiversx/mx-chain-vm-go/config/gasSchedule.go:49.2,51.16 3 1
github.com/multiversx/mx-chain-vm-go/config/gasSchedule.go:51.16,53.3 1 0
github.com/multiversx/mx-chain-vm-go/config/gasSchedule.go:55.2,56.16 2 1
github.com/multiversx/mx-chain-vm-go/config/gasSchedule.go:56.16,58.3 1 0
github.com/multiversx/mx-chain-vm-go/config/gasSchedule.go:60.2,62.16 3 1
github.com/multiversx/mx-chain-vm-go/config/gasSchedule.go:62.16,64.3 1 0
github.com/multiversx/mx-chain-vm-go/config/gasSchedule.go:66.2,67.16 2 1
github.com/multiversx/mx-chain-vm-go/config/gasSchedule.go:67.16,69.3 1 0
github.com/multiversx/mx-chain-vm-go/config/gasSchedule.go:71.2,73.16 3 1
github.com/multiversx/mx-chain-vm-go/config/gasSchedule.go:73.16,75.3 1 0
github.com/multiversx/mx-chain-vm-go/config/gasSchedule.go:77.2,78.16 2 1
github.com/multiversx/mx-chain-vm-go/config/gasSchedule.go:78.16,80.3 1 0
github.com/multiversx/mx-chain-vm-go/config/gasSchedule.go:82.2,84.16 3 1
github.com/multiversx/mx-chain-vm-go/config/gasSchedule.go:84.16,86.3 1 0
github.com/multiversx/mx-chain-vm-go/config/gasSchedule.go:88.2,89.16 2 1
github.com/multiversx/mx-chain-vm-go/config/gasSchedule.go:89.16,91.3 1 0
github.com/multiversx/mx-chain-vm-go/config/gasSchedule.go:93.2,95.16 3 1
github.com/multiversx/mx-chain-vm-go/config/gasSchedule.go:95.16,97.3 1 0
github.com/multiversx/mx-chain-vm-go/config/gasSchedule.go:99.2,100.16 2 1
github.com/multiversx/mx-chain-vm-go/config/gasSchedule.go:100.16,102.3 1 0
github.com/multiversx/mx-chain-vm-go/config/gasSchedule.go:103.2,105.16 3 1
github.com/multiversx/mx-chain-vm-go/config/gasSchedule.go:105.16,107.3 1 0
github.com/multiversx/mx-chain-vm-go/config/gasSchedule.go:108.2,111.25 3 1
github.com/multiversx/mx-chain-vm-go/config/gasSchedule.go:111.25,115.3 1 0
github.com/multiversx/mx-chain-vm-go/config/gasSchedule.go:117.2,119.16 3 1
github.com/multiversx/mx-chain-vm-go/config/gasSchedule.go:119.16,121.3 1 0
github.com/multiversx/mx-chain-vm-go/config/gasSchedule.go:123.2,135.21 2 1
github.com/multiversx/mx-chain-vm-go/config/gasSchedule.go:138.103,139.31 1 6
github.com/multiversx/mx-chain-vm-go/config/gasSchedule.go:139.31,143.3 2 1
github.com/multiversx/mx-chain-vm-go/config/gasSchedule.go:144.2,145.25 2 5
github.com/multiversx/mx-chain-vm-go/config/gasSchedule.go:145.25,149.3 2 1
github.com/multiversx/mx-chain-vm-go/config/gasSchedule.go:150.2,150.29 1 4
github.com/multiversx/mx-chain-vm-go/config/gasSchedule.go:150.29,154.3 2 1
github.com/multiversx/mx-chain-vm-go/config/gasSchedule.go:156.2,156.13 1 3
github.com/multiversx/mx-chain-vm-go/config/gasSchedule.go:159.126,170.2 4 1
github.com/multiversx/mx-chain-vm-go/config/gasSchedule.go:172.66,173.30 1 3
github.com/multiversx/mx-chain-vm-go/config/gasSchedule.go:173.30,175.3 1 0
github.com/multiversx/mx-chain-vm-go/config/gasSchedule.go:177.2,177.27 1 3
github.com/multiversx/mx-chain-vm-go/config/gasSchedule.go:180.54,182.36 2 9
github.com/multiversx/mx-chain-vm-go/config/gasSchedule.go:182.36,184.71 2 1285
github.com/multiversx/mx-chain-vm-go/config/gasSchedule.go:184.71,185.12 1 0
github.com/multiversx/mx-chain-vm-go/config/gasSchedule.go:187.3,187.24 1 1285
github.com/multiversx/mx-chain-vm-go/config/gasSchedule.go:187.24,190.4 2 1
github.com/multiversx/mx-chain-vm-go/config/gasSchedule.go:193.2,193.12 1 8
github.com/multiversx/mx-chain-vm-go/config/gasSchedule.go:197.68,201.2 3 1
github.com/multiversx/mx-chain-vm-go/config/gasSchedule.go:204.91,220.2 12 1
github.com/multiversx/mx-chain-vm-go/config/gasSchedule.go:223.61,253.2 28 1
github.com/multiversx/mx-chain-vm-go/config/gasSchedule.go:256.67,267.2 9 1
github.com/multiversx/mx-chain-vm-go/config/gasSchedule.go:270.86,331.2 59 1
github.com/multiversx/mx-chain-vm-go/config/gasSchedule.go:334.65,371.2 35 1
github.com/multiversx/mx-chain-vm-go/config/gasSchedule.go:374.63,417.2 41 1
github.com/multiversx/mx-chain-vm-go/config/gasSchedule.go:420.65,443.2 21 1
github.com/multiversx/mx-chain-vm-go/config/gasSchedule.go:446.63,470.2 22 1
github.com/multiversx/mx-chain-vm-go/config/gasSchedule.go:473.70,501.2 26 1
github.com/multiversx/mx-chain-vm-go/config/gasSchedule.go:504.65,1066.2 559 2
github.com/multiversx/mx-chain-vm-go/config/gasSchedule.go:1069.55,1080.2 8 1
github.com/multiversx/mx-chain-vm-go/config/gasSchedule.go:1083.42,1085.2 1 0
github.com/multiversx/mx-chain-vm-go/config/gasSchedule.go:1087.64,1091.2 3 1
github.com/multiversx/mx-chain-vm-go/crypto/signing/ed25519/ed25519.go:13.34,15.2 1 0
github.com/multiversx/mx-chain-vm-go/crypto/signing/ed25519/ed25519.go:18.75,19.42 1 0
github.com/multiversx/mx-chain-vm-go/crypto/signing/ed25519/ed25519.go:19.42,21.3 1 0
github.com/multiversx/mx-chain-vm-go/crypto/signing/ed25519/ed25519.go:23.2,24.17 2 0
github.com/multiversx/mx-chain-vm-go/crypto/signing/ed25519/ed25519.go:24.17,26.3 1 0
github.com/multiversx/mx-chain-vm-go/crypto/signing/ed25519/ed25519.go:28.2,28.12 1 0
github.com/multiversx/mx-chain-vm-go/executor/executorMemory.go:16.50,18.2 1 0
github.com/multiversx/mx-chain-vm-go/executor/executorMemory.go:32.88,33.17 1 0
github.com/multiversx/mx-chain-vm-go/executor/executorMemory.go:33.17,35.3 1 0
github.com/multiversx/mx-chain-vm-go/executor/executorMemory.go:37.2,46.42 8 0
github.com/multiversx/mx-chain-vm-go/executor/executorMemory.go:46.42,48.3 1 0
github.com/multiversx/mx-chain-vm-go/executor/executorMemory.go:49.2,49.22 1 0
github.com/multiversx/mx-chain-vm-go/executor/executorMemory.go:49.22,51.3 1 0
github.com/multiversx/mx-chain-vm-go/executor/executorMemory.go:53.2,54.28 2 0
github.com/multiversx/mx-chain-vm-go/executor/executorMemory.go:54.28,57.3 2 0
github.com/multiversx/mx-chain-vm-go/executor/executorMemory.go:57.8,60.3 2 0
github.com/multiversx/mx-chain-vm-go/executor/executorMemory.go:62.2,62.20 1 0
github.com/multiversx/mx-chain-vm-go/executor/executorMemory.go:67.72,69.21 2 0
github.com/multiversx/mx-chain-vm-go/executor/executorMemory.go:69.21,71.3 1 0
github.com/multiversx/mx-chain-vm-go/executor/executorMemory.go:73.2,78.22 5 0
github.com/multiversx/mx-chain-vm-go/executor/executorMemory.go:78.22,80.3 1 0
github.com/multiversx/mx-chain-vm-go/executor/executorMemory.go:82.2,83.28 2 0
github.com/multiversx/mx-chain-vm-go/executor/executorMemory.go:83.28,85.3 1 0
github.com/multiversx/mx-chain-vm-go/executor/executorMemory.go:87.2,88.12 2 0
github.com/multiversx/mx-chain-vm-go/crypto/signing/secp256/secp256.go:61.37,65.27 3 5
github.com/multiversx/mx-chain-vm-go/crypto/signing/secp256/secp256.go:65.27,67.3 1 0
github.com/multiversx/mx-chain-vm-go/crypto/signing/secp256/secp256.go:68.2,70.8 1 5
github.com/multiversx/mx-chain-vm-go/crypto/signing/secp256/secp256.go:75.81,77.16 2 3
github.com/multiversx/mx-chain-vm-go/crypto/signing/secp256/secp256.go:77.16,79.3 1 0
github.com/multiversx/mx-chain-vm-go/crypto/signing/secp256/secp256.go:81.2,82.16 2 3
github.com/multiversx/mx-chain-vm-go/crypto/signing/secp256/secp256.go:82.16,84.3 1 0
github.com/multiversx/mx-chain-vm-go/crypto/signing/secp256/secp256.go:86.2,87.16 2 3
github.com/multiversx/mx-chain-vm-go/crypto/signing/secp256/secp256.go:87.16,89.3 1 0
github.com/multiversx/mx-chain-vm-go/crypto/signing/secp256/secp256.go:91.2,92.15 2 3
github.com/multiversx/mx-chain-vm-go/crypto/signing/secp256/secp256.go:92.15,94.3 1 0
github.com/multiversx/mx-chain-vm-go/crypto/signing/secp256/secp256.go:96.2,96.12 1 3
github.com/multiversx/mx-chain-vm-go/crypto/signing/secp256/secp256.go:103.69,113.2 6 3
github.com/multiversx/mx-chain-vm-go/crypto/signing/secp256/secp256.go:115.77,120.35 4 3
github.com/multiversx/mx-chain-vm-go/crypto/signing/secp256/secp256.go:121.19,122.38 1 1
github.com/multiversx/mx-chain-vm-go/crypto/signing/secp256/secp256.go:123.25,124.41 1 1
github.com/multiversx/mx-chain-vm-go/crypto/signing/secp256/secp256.go:125.22,126.41 1 0
github.com/multiversx/mx-chain-vm-go/crypto/signing/secp256/secp256.go:127.22,128.41 1 0
github.com/multiversx/mx-chain-vm-go/crypto/signing/secp256/secp256.go:129.21,130.18 1 1
github.com/multiversx/mx-chain-vm-go/crypto/signing/secp256/secp256.go:131.10,132.44 1 0
github.com/multiversx/mx-chain-vm-go/crypto/signing/secp256/secp256.go:135.2,135.16 1 3
github.com/multiversx/mx-chain-vm-go/crypto/signing/secp256/secp256.go:135.16,137.3 1 0
github.com/multiversx/mx-chain-vm-go/crypto/signing/secp256/secp256.go:139.2,139.23 1 3
github.com/multiversx/mx-chain-vm-go/crypto/signing/secp256/secp256.go:142.79,143.20 1 5
github.com/multiversx/mx-chain-vm-go/crypto/signing/secp256/secp256.go:143.20,145.3 1 2
github.com/multiversx/mx-chain-vm-go/crypto/signing/secp256/secp256.go:147.2,148.25 2 3
github.com/multiversx/mx-chain-vm-go/crypto/signing/secp256/secp256.go:148.25,150.3 1 0
github.com/multiversx/mx-chain-vm-go/crypto/signing/secp256/secp256.go:152.2,154.16 3 3
github.com/multiversx/mx-chain-vm-go/crypto/signing/secp256/secp256.go:154.16,156.3 1 0
github.com/multiversx/mx-chain-vm-go/crypto/signing/secp256/secp256.go:158.2,159.15 2 3
github.com/multiversx/mx-chain-vm-go/crypto/signing/secp256/secp256.go:159.15,161.3 1 2
github.com/multiversx/mx-chain-vm-go/crypto/signing/secp256/secp256.go:163.2,163.12 1 1
github.com/multiversx/mx-chain-vm-go/crypto/signing/secp256/secp256.go:166.81,167.28 1 3
github.com/multiversx/mx-chain-vm-go/crypto/signing/secp256/secp256.go:167.28,169.3 1 0
github.com/multiversx/mx-chain-vm-go/crypto/signing/secp256/secp256.go:170.2,172.17 3 3
github.com/multiversx/mx-chain-vm-go/crypto/signing/secp256/secp256.go:178.53,183.2 1 3
github.com/multiversx/mx-chain-vm-go/crypto/signing/secp256/secp256.go:187.40,189.2 1 4
github.com/multiversx/mx-chain-vm-go/crypto/signing/secp256/secp256.go:193.41,194.25 1 1
github.com/multiversx/mx-chain-vm-go/crypto/signing/secp256/secp256.go:194.25,196.3 1 1
github.com/multiversx/mx-chain-vm-go/crypto/signing/secp256/secp256.go:198.2,198.42 1 0
github.com/multiversx/mx-chain-vm-go/crypto/signing/bls/bls.go:20.29,30.2 7 3
github.com/multiversx/mx-chain-vm-go/crypto/signing/bls/bls.go:33.67,35.16 2 2
github.com/multiversx/mx-chain-vm-go/crypto/signing/bls/bls.go:35.16,37.3 1 0
github.com/multiversx/mx-chain-vm-go/crypto/signing/bls/bls.go:39.2,39.45 1 2
github.com/multiversx/mx-chain-vm-go/crypto/signing/bls/bls.go:43.88,45.2 1 2
github.com/multiversx/mx-chain-vm-go/crypto/signing/bls/bls.go:48.97,50.2 1 10
github.com/multiversx/mx-chain-vm-go/executor/wrapper/executorLogger.go:25.40,29.2 3 0
github.com/multiversx/mx-chain-vm-go/executor/wrapper/executorLogger.go:32.63,34.2 1 0
github.com/multiversx/mx-chain-vm-go/executor/wrapper/executorLogger.go:37.63,39.2 1 0
github.com/multiversx/mx-chain-vm-go/executor/wrapper/executorLogger.go:42.62,44.2 1 0
github.com/multiversx/mx-chain-vm-go/executor/wrapper/executorLogger.go:52.38,56.2 3 0
github.com/multiversx/mx-chain-vm-go/executor/wrapper/executorLogger.go:59.62,62.2 2 0
github.com/multiversx/mx-chain-vm-go/executor/wrapper/executorLogger.go:65.62,69.2 3 0
github.com/multiversx/mx-chain-vm-go/executor/wrapper/executorLogger.go:72.61,76.2 3 0
github.com/multiversx/mx-chain-vm-go/executor/wrapper/executorLogger.go:79.41,81.2 1 0
github.com/multiversx/mx-chain-vm-go/executor/wrapper/executorLogger.go:87.59,87.60 0 0
github.com/multiversx/mx-chain-vm-go/executor/wrapper/executorLogger.go:90.46,90.47 0 0
github.com/multiversx/mx-chain-vm-go/executor/wrapper/executorLogger.go:93.49,93.50 0 0
github.com/multiversx/mx-chain-vm-go/executor/wrapper/executorLogger.go:96.48,96.49 0 0
github.com/multiversx/mx-chain-vm-go/executor/wrapper/wrapperExecutor.go:19.84,21.2 1 0
github.com/multiversx/mx-chain-vm-go/executor/wrapper/wrapperExecutor.go:24.70,27.2 2 0
github.com/multiversx/mx-chain-vm-go/executor/wrapper/wrapperExecutor.go:33.30,35.16 2 0
github.com/multiversx/mx-chain-vm-go/executor/wrapper/wrapperExecutor.go:35.16,37.3 1 0
github.com/multiversx/mx-chain-vm-go/executor/wrapper/wrapperExecutor.go:38.2,42.8 2 0
github.com/multiversx/mx-chain-vm-go/executor/wrapper/wrapperExecutor.go:49.30,51.16 2 0
github.com/multiversx/mx-chain-vm-go/executor/wrapper/wrapperExecutor.go:51.16,53.3 1 0
github.com/multiversx/mx-chain-vm-go/executor/wrapper/wrapperExecutor.go:54.2,58.8 2 0
github.com/multiversx/mx-chain-vm-go/executor/wrapper/wrapperExecutor.go:62.105,64.8 2 0
github.com/multiversx/mx-chain-vm-go/executor/wrapper/wrapperExecutor.go:64.8,66.3 1 0
github.com/multiversx/mx-chain-vm-go/executor/wrapper/wrapperExecutor.go:66.8,68.3 1 0
github.com/multiversx/mx-chain-vm-go/executor/wrapper/wrapperExecutor.go:69.2,69.50 1 0
github.com/multiversx/mx-chain-vm-go/executor/wrapper/wrapperExecutor.go:73.85,75.2 1 0
github.com/multiversx/mx-chain-vm-go/executor/wrapper/wrapperExecutor.go:78.53,80.2 1 0
github.com/multiversx/mx-chain-vm-go/executor/wrapper/wrapperExecutorFactory.go:19.75,24.2 1 0
github.com/multiversx/mx-chain-vm-go/executor/wrapper/wrapperExecutorFactory.go:27.108,29.2 1 0
github.com/multiversx/mx-chain-vm-go/executor/wrapper/wrapperExecutorFactory.go:32.117,42.16 2 0
github.com/multiversx/mx-chain-vm-go/executor/wrapper/wrapperExecutorFactory.go:42.16,44.3 1 0
github.com/multiversx/mx-chain-vm-go/executor/wrapper/wrapperExecutorFactory.go:45.2,51.41 2 0
github.com/multiversx/mx-chain-vm-go/executor/wrapper/wrapperExecutorFactory.go:55.62,57.2 1 0
github.com/multiversx/mx-chain-vm-go/executor/wrapper/wrapperInstance.go:19.53,23.2 3 0
github.com/multiversx/mx-chain-vm-go/executor/wrapper/wrapperInstance.go:26.59,30.2 2 0
github.com/multiversx/mx-chain-vm-go/executor/wrapper/wrapperInstance.go:33.59,36.2 2 0
github.com/multiversx/mx-chain-vm-go/executor/wrapper/wrapperInstance.go:39.63,42.2 2 0
github.com/multiversx/mx-chain-vm-go/executor/wrapper/wrapperInstance.go:45.58,49.2 3 0
github.com/multiversx/mx-chain-vm-go/executor/wrapper/wrapperInstance.go:52.54,54.2 1 0
github.com/multiversx/mx-chain-vm-go/executor/wrapper/wrapperInstance.go:57.43,61.2 3 0
github.com/multiversx/mx-chain-vm-go/executor/wrapper/wrapperInstance.go:64.54,68.2 3 0
github.com/multiversx/mx-chain-vm-go/executor/wrapper/wrapperInstance.go:71.70,74.2 2 0
github.com/multiversx/mx-chain-vm-go/executor/wrapper/wrapperInstance.go:77.68,81.2 3 0
github.com/multiversx/mx-chain-vm-go/executor/wrapper/wrapperInstance.go:84.58,89.2 4 0
github.com/multiversx/mx-chain-vm-go/executor/wrapper/wrapperInstance.go:92.62,96.2 3 0
github.com/multiversx/mx-chain-vm-go/executor/wrapper/wrapperInstance.go:99.47,101.2 1 0
github.com/multiversx/mx-chain-vm-go/executor/wrapper/wrapperInstance.go:104.105,106.2 1 0
github.com/multiversx/mx-chain-vm-go/executor/wrapper/wrapperInstance.go:109.82,111.2 1 0
github.com/multiversx/mx-chain-vm-go/executor/wrapper/wrapperInstance.go:114.49,116.2 1 0
github.com/multiversx/mx-chain-vm-go/executor/wrapper/wrapperInstance.go:119.58,121.2 1 0
github.com/multiversx/mx-chain-vm-go/executor/wrapper/wrapperInstance.go:124.47,126.2 1 0
github.com/multiversx/mx-chain-vm-go/executor/wrapper/wrapperInstance.go:129.67,132.2 2 0
github.com/multiversx/mx-chain-vm-go/executor/wrapper/wrapperInstance.go:135.52,137.2 1 0
github.com/multiversx/mx-chain-vm-go/executor/wrapper/wrapperInstance.go:140.43,144.2 3 0
github.com/multiversx/mx-chain-vm-go/executor/wrapper/wrapperInstance.go:147.64,149.2 1 0
github.com/multiversx/mx-chain-vm-go/executor/wrapper/wrapperInstance.go:152.54,154.2 1 0
github.com/multiversx/mx-chain-vm-go/executor/wrapper/wrapperInstance.go:157.42,159.2 1 0
github.com/multiversx/mx-chain-vm-go/executor/wrapper/wrapperVMHooks.go:22.45,28.2 5 0
github.com/multiversx/mx-chain-vm-go/executor/wrapper/wrapperVMHooks.go:31.69,36.2 4 0
github.com/multiversx/mx-chain-vm-go/executor/wrapper/wrapperVMHooks.go:39.72,44.2 4 0
github.com/multiversx/mx-chain-vm-go/executor/wrapper/wrapperVMHooks.go:47.81,53.2 5 0
github.com/multiversx/mx-chain-vm-go/executor/wrapper/wrapperVMHooks.go:56.79,62.2 5 0
github.com/multiversx/mx-chain-vm-go/executor/wrapper/wrapperVMHooks.go:65.103,70.2 4 0
github.com/multiversx/mx-chain-vm-go/executor/wrapper/wrapperVMHooks.go:73.106,78.2 4 0
github.com/multiversx/mx-chain-vm-go/executor/wrapper/wrapperVMHooks.go:81.88,87.2 5 0
github.com/multiversx/mx-chain-vm-go/executor/wrapper/wrapperVMHooks.go:90.183,96.2 5 0
github.com/multiversx/mx-chain-vm-go/executor/wrapper/wrapperVMHooks.go:99.159,105.2 5 0
github.com/multiversx/mx-chain-vm-go/executor/wrapper/wrapperVMHooks.go:108.164,114.2 5 0
github.com/multiversx/mx-chain-vm-go/executor/wrapper/wrapperVMHooks.go:117.158,123.2 5 0
github.com/multiversx/mx-chain-vm-go/executor/wrapper/wrapperVMHooks.go:126.380,132.2 5 0
github.com/multiversx/mx-chain-vm-go/executor/wrapper/wrapperVMHooks.go:135.71,141.2 5 0
github.com/multiversx/mx-chain-vm-go/executor/wrapper/wrapperVMHooks.go:144.77,150.2 5 0
github.com/multiversx/mx-chain-vm-go/executor/wrapper/wrapperVMHooks.go:153.158,159.2 5 0
github.com/multiversx/mx-chain-vm-go/executor/wrapper/wrapperVMHooks.go:162.280,168.2 5 0
github.com/multiversx/mx-chain-vm-go/executor/wrapper/wrapperVMHooks.go:171.341,177.2 5 0
github.com/multiversx/mx-chain-vm-go/executor/wrapper/wrapperVMHooks.go:180.357,186.2 5 0
github.com/multiversx/mx-chain-vm-go/executor/wrapper/wrapperVMHooks.go:189.372,195.2 5 0
github.com/multiversx/mx-chain-vm-go/executor/wrapper/wrapperVMHooks.go:198.328,204.2 5 0
github.com/multiversx/mx-chain-vm-go/executor/wrapper/wrapperVMHooks.go:207.181,213.2 5 0
github.com/multiversx/mx-chain-vm-go/executor/wrapper/wrapperVMHooks.go:216.293,221.2 4 0
github.com/multiversx/mx-chain-vm-go/executor/wrapper/wrapperVMHooks.go:224.293,229.2 4 0
github.com/multiversx/mx-chain-vm-go/executor/wrapper/wrapperVMHooks.go:232.172,237.2 4 0
github.com/multiversx/mx-chain-vm-go/executor/wrapper/wrapperVMHooks.go:240.148,245.2 4 0
github.com/multiversx/mx-chain-vm-go/executor/wrapper/wrapperVMHooks.go:248.60,254.2 5 0
github.com/multiversx/mx-chain-vm-go/executor/wrapper/wrapperVMHooks.go:257.81,263.2 5 0
github.com/multiversx/mx-chain-vm-go/executor/wrapper/wrapperVMHooks.go:266.76,272.2 5 0
github.com/multiversx/mx-chain-vm-go/executor/wrapper/wrapperVMHooks.go:275.50,281.2 5 0
github.com/multiversx/mx-chain-vm-go/executor/wrapper/wrapperVMHooks.go:284.161,290.2 5 0
github.com/multiversx/mx-chain-vm-go/executor/wrapper/wrapperVMHooks.go:293.107,299.2 5 0
github.com/multiversx/mx-chain-vm-go/executor/wrapper/wrapperVMHooks.go:302.171,308.2 5 0
github.com/multiversx/mx-chain-vm-go/executor/wrapper/wrapperVMHooks.go:311.129,317.2 5 0
github.com/multiversx/mx-chain-vm-go/executor/wrapper/wrapperVMHooks.go:320.125,326.2 5 0
github.com/multiversx/mx-chain-vm-go/executor/wrapper/wrapperVMHooks.go:329.104,335.2 5 0
github.com/multiversx/mx-chain-vm-go/executor/wrapper/wrapperVMHooks.go:338.105,344.2 5 0
github.com/multiversx/mx-chain-vm-go/executor/wrapper/wrapperVMHooks.go:347.106,353.2 5 0
github.com/multiversx/mx-chain-vm-go/executor/wrapper/wrapperVMHooks.go:356.66,361.2 4 0
github.com/multiversx/mx-chain-vm-go/executor/wrapper/wrapperVMHooks.go:364.43,369.2 4 0
github.com/multiversx/mx-chain-vm-go/executor/wrapper/wrapperVMHooks.go:372.75,378.2 5 0
github.com/multiversx/mx-chain-vm-go/executor/wrapper/wrapperVMHooks.go:381.75,387.2 5 0
github.com/multiversx/mx-chain-vm-go/executor/wrapper/wrapperVMHooks.go:390.95,396.2 5 0
github.com/multiversx/mx-chain-vm-go/executor/wrapper/wrapperVMHooks.go:399.79,405.2 5 0
github.com/multiversx/mx-chain-vm-go/executor/wrapper/wrapperVMHooks.go:408.99,414.2 5 0
github.com/multiversx/mx-chain-vm-go/executor/wrapper/wrapperVMHooks.go:417.52,423.2 5 0
github.com/multiversx/mx-chain-vm-go/executor/wrapper/wrapperVMHooks.go:426.70,432.2 5 0
github.com/multiversx/mx-chain-vm-go/executor/wrapper/wrapperVMHooks.go:435.148,441.2 5 0
github.com/multiversx/mx-chain-vm-go/executor/wrapper/wrapperVMHooks.go:444.51,450.2 5 0
github.com/multiversx/mx-chain-vm-go/executor/wrapper/wrapperVMHooks.go:453.69,459.2 5 0
github.com/multiversx/mx-chain-vm-go/executor/wrapper/wrapperVMHooks.go:462.54,468.2 5 0
github.com/multiversx/mx-chain-vm-go/executor/wrapper/wrapperVMHooks.go:471.120,477.2 5 0
github.com/multiversx/mx-chain-vm-go/executor/wrapper/wrapperVMHooks.go:480.140,486.2 5 0
github.com/multiversx/mx-chain-vm-go/executor/wrapper/wrapperVMHooks.go:489.73,495.2 5 0
github.com/multiversx/mx-chain-vm-go/executor/wrapper/wrapperVMHooks.go:498.138,503.2 4 0
github.com/multiversx/mx-chain-vm-go/executor/wrapper/wrapperVMHooks.go:506.181,511.2 4 0
github.com/multiversx/mx-chain-vm-go/executor/wrapper/wrapperVMHooks.go:514.52,520.2 5 0
github.com/multiversx/mx-chain-vm-go/executor/wrapper/wrapperVMHooks.go:523.54,529.2 5 0
github.com/multiversx/mx-chain-vm-go/executor/wrapper/wrapperVMHooks.go:532.48,538.2 5 0
github.com/multiversx/mx-chain-vm-go/executor/wrapper/wrapperVMHooks.go:541.48,547.2 5 0
github.com/multiversx/mx-chain-vm-go/executor/wrapper/wrapperVMHooks.go:550.48,556.2 5 0
github.com/multiversx/mx-chain-vm-go/executor/wrapper/wrapperVMHooks.go:559.70,564.2 4 0
github.com/multiversx/mx-chain-vm-go/executor/wrapper/wrapperVMHooks.go:567.68,572.2 4 0
github.com/multiversx/mx-chain-vm-go/executor/wrapper/wrapperVMHooks.go:575.56,581.2 5 0
github.com/multiversx/mx-chain-vm-go/executor/wrapper/wrapperVMHooks.go:584.58,590.2 5 0
github.com/multiversx/mx-chain-vm-go/executor/wrapper/wrapperVMHooks.go:593.52,599.2 5 0
github.com/multiversx/mx-chain-vm-go/executor/wrapper/wrapperVMHooks.go:602.52,608.2 5 0
github.com/multiversx/mx-chain-vm-go/executor/wrapper/wrapperVMHooks.go:611.52,617.2 5 0
github.com/multiversx/mx-chain-vm-go/executor/wrapper/wrapperVMHooks.go:620.74,625.2 4 0
github.com/multiversx/mx-chain-vm-go/executor/wrapper/wrapperVMHooks.go:628.54,634.2 5 0
github.com/multiversx/mx-chain-vm-go/executor/wrapper/wrapperVMHooks.go:637.61,643.2 5 0
github.com/multiversx/mx-chain-vm-go/executor/wrapper/wrapperVMHooks.go:646.55,652.2 5 0
github.com/multiversx/mx-chain-vm-go/executor/wrapper/wrapperVMHooks.go:655.55,661.2 5 0
github.com/multiversx/mx-chain-vm-go/executor/wrapper/wrapperVMHooks.go:664.85,669.2 4 0
github.com/multiversx/mx-chain-vm-go/executor/wrapper/wrapperVMHooks.go:672.283,678.2 5 0
github.com/multiversx/mx-chain-vm-go/executor/wrapper/wrapperVMHooks.go:681.283,687.2 5 0
github.com/multiversx/mx-chain-vm-go/executor/wrapper/wrapperVMHooks.go:690.249,696.2 5 0
github.com/multiversx/mx-chain-vm-go/executor/wrapper/wrapperVMHooks.go:699.300,705.2 5 0
github.com/multiversx/mx-chain-vm-go/executor/wrapper/wrapperVMHooks.go:708.307,714.2 5 0
github.com/multiversx/mx-chain-vm-go/executor/wrapper/wrapperVMHooks.go:717.51,723.2 5 0
github.com/multiversx/mx-chain-vm-go/executor/wrapper/wrapperVMHooks.go:726.66,732.2 5 0
github.com/multiversx/mx-chain-vm-go/executor/wrapper/wrapperVMHooks.go:735.90,741.2 5 0
github.com/multiversx/mx-chain-vm-go/executor/wrapper/wrapperVMHooks.go:744.44,749.2 4 0
github.com/multiversx/mx-chain-vm-go/executor/wrapper/wrapperVMHooks.go:752.63,757.2 4 0
github.com/multiversx/mx-chain-vm-go/executor/wrapper/wrapperVMHooks.go:760.72,765.2 4 0
github.com/multiversx/mx-chain-vm-go/executor/wrapper/wrapperVMHooks.go:768.71,773.2 4 0
github.com/multiversx/mx-chain-vm-go/executor/wrapper/wrapperVMHooks.go:776.68,781.2 4 0
github.com/multiversx/mx-chain-vm-go/executor/wrapper/wrapperVMHooks.go:784.68,789.2 4 0
github.com/multiversx/mx-chain-vm-go/executor/wrapper/wrapperVMHooks.go:792.71,797.2 4 0
github.com/multiversx/mx-chain-vm-go/executor/wrapper/wrapperVMHooks.go:800.65,805.2 4 0
github.com/multiversx/mx-chain-vm-go/executor/wrapper/wrapperVMHooks.go:808.80,813.2 4 0
github.com/multiversx/mx-chain-vm-go/executor/wrapper/wrapperVMHooks.go:816.73,821.2 4 0
github.com/multiversx/mx-chain-vm-go/executor/wrapper/wrapperVMHooks.go:824.62,829.2 4 0
github.com/multiversx/mx-chain-vm-go/executor/wrapper/wrapperVMHooks.go:832.80,837.2 4 0
github.com/multiversx/mx-chain-vm-go/executor/wrapper/wrapperVMHooks.go:840.71,845.2 4 0
github.com/multiversx/mx-chain-vm-go/executor/wrapper/wrapperVMHooks.go:848.70,853.2 4 0
github.com/multiversx/mx-chain-vm-go/executor/wrapper/wrapperVMHooks.go:856.72,861.2 4 0
github.com/multiversx/mx-chain-vm-go/executor/wrapper/wrapperVMHooks.go:864.76,869.2 4 0
github.com/multiversx/mx-chain-vm-go/executor/wrapper/wrapperVMHooks.go:872.83,877.2 4 0
github.com/multiversx/mx-chain-vm-go/executor/wrapper/wrapperVMHooks.go:880.83,885.2 4 0
github.com/multiversx/mx-chain-vm-go/executor/wrapper/wrapperVMHooks.go:888.94,893.2 4 0
github.com/multiversx/mx-chain-vm-go/executor/wrapper/wrapperVMHooks.go:896.105,901.2 4 0
github.com/multiversx/mx-chain-vm-go/executor/wrapper/wrapperVMHooks.go:904.122,909.2 4 0
github.com/multiversx/mx-chain-vm-go/executor/wrapper/wrapperVMHooks.go:912.270,917.2 4 0
github.com/multiversx/mx-chain-vm-go/executor/wrapper/wrapperVMHooks.go:920.123,925.2 4 0
github.com/multiversx/mx-chain-vm-go/executor/wrapper/wrapperVMHooks.go:928.125,933.2 4 0
github.com/multiversx/mx-chain-vm-go/executor/wrapper/wrapperVMHooks.go:936.330,942.2 5 0
github.com/multiversx/mx-chain-vm-go/executor/wrapper/wrapperVMHooks.go:945.81,950.2 4 0
github.com/multiversx/mx-chain-vm-go/executor/wrapper/wrapperVMHooks.go:953.197,958.2 4 0
github.com/multiversx/mx-chain-vm-go/executor/wrapper/wrapperVMHooks.go:961.184,966.2 4 0
github.com/multiversx/mx-chain-vm-go/executor/wrapper/wrapperVMHooks.go:969.105,974.2 4 0
github.com/multiversx/mx-chain-vm-go/executor/wrapper/wrapperVMHooks.go:977.211,983.2 5 0
github.com/multiversx/mx-chain-vm-go/executor/wrapper/wrapperVMHooks.go:986.198,992.2 5 0
github.com/multiversx/mx-chain-vm-go/executor/wrapper/wrapperVMHooks.go:995.152,1001.2 5 0
github.com/multiversx/mx-chain-vm-go/executor/wrapper/wrapperVMHooks.go:1004.176,1010.2 5 0
github.com/multiversx/mx-chain-vm-go/executor/wrapper/wrapperVMHooks.go:1013.176,1019.2 5 0
github.com/multiversx/mx-chain-vm-go/executor/wrapper/wrapperVMHooks.go:1022.191,1028.2 5 0
github.com/multiversx/mx-chain-vm-go/executor/wrapper/wrapperVMHooks.go:1031.173,1037.2 5 0
github.com/multiversx/mx-chain-vm-go/executor/wrapper/wrapperVMHooks.go:1040.183,1046.2 5 0
github.com/multiversx/mx-chain-vm-go/executor/wrapper/wrapperVMHooks.go:1049.197,1055.2 5 0
github.com/multiversx/mx-chain-vm-go/executor/wrapper/wrapperVMHooks.go:1058.157,1064.2 5 0
github.com/multiversx/mx-chain-vm-go/executor/wrapper/wrapperVMHooks.go:1067.107,1073.2 5 0
github.com/multiversx/mx-chain-vm-go/executor/wrapper/wrapperVMHooks.go:1076.82,1082.2 5 0
github.com/multiversx/mx-chain-vm-go/executor/wrapper/wrapperVMHooks.go:1085.73,1091.2 5 0
github.com/multiversx/mx-chain-vm-go/executor/wrapper/wrapperVMHooks.go:1094.83,1099.2 4 0
github.com/multiversx/mx-chain-vm-go/executor/wrapper/wrapperVMHooks.go:1102.92,1107.2 4 0
github.com/multiversx/mx-chain-vm-go/executor/wrapper/wrapperVMHooks.go:1110.88,1115.2 4 0
github.com/multiversx/mx-chain-vm-go/executor/wrapper/wrapperVMHooks.go:1118.83,1124.2 5 0
github.com/multiversx/mx-chain-vm-go/executor/wrapper/wrapperVMHooks.go:1127.111,1133.2 5 0
github.com/multiversx/mx-chain-vm-go/executor/wrapper/wrapperVMHooks.go:1136.88,1142.2 5 0
github.com/multiversx/mx-chain-vm-go/executor/wrapper/wrapperVMHooks.go:1145.86,1151.2 5 0
github.com/multiversx/mx-chain-vm-go/executor/wrapper/wrapperVMHooks.go:1154.97,1159.2 4 0
github.com/multiversx/mx-chain-vm-go/executor/wrapper/wrapperVMHooks.go:1162.97,1167.2 4 0
github.com/multiversx/mx-chain-vm-go/executor/wrapper/wrapperVMHooks.go:1170.97,1175.2 4 0
github.com/multiversx/mx-chain-vm-go/executor/wrapper/wrapperVMHooks.go:1178.97,1183.2 4 0
github.com/multiversx/mx-chain-vm-go/executor/wrapper/wrapperVMHooks.go:1186.79,1191.2 4 0
github.com/multiversx/mx-chain-vm-go/executor/wrapper/wrapperVMHooks.go:1194.81,1199.2 4 0
github.com/multiversx/mx-chain-vm-go/executor/wrapper/wrapperVMHooks.go:1202.78,1208.2 5 0
github.com/multiversx/mx-chain-vm-go/executor/wrapper/wrapperVMHooks.go:1211.79,1216.2 4 0
github.com/multiversx/mx-chain-vm-go/executor/wrapper/wrapperVMHooks.go:1219.61,1225.2 5 0
github.com/multiversx/mx-chain-vm-go/executor/wrapper/wrapperVMHooks.go:1228.80,1233.2 4 0
github.com/multiversx/mx-chain-vm-go/executor/wrapper/wrapperVMHooks.go:1236.95,1241.2 4 0
github.com/multiversx/mx-chain-vm-go/executor/wrapper/wrapperVMHooks.go:1244.80,1249.2 4 0
github.com/multiversx/mx-chain-vm-go/executor/wrapper/wrapperVMHooks.go:1252.79,1257.2 4 0
github.com/multiversx/mx-chain-vm-go/executor/wrapper/wrapperVMHooks.go:1260.83,1265.2 4 0
github.com/multiversx/mx-chain-vm-go/executor/wrapper/wrapperVMHooks.go:1268.81,1273.2 4 0
github.com/multiversx/mx-chain-vm-go/executor/wrapper/wrapperVMHooks.go:1276.62,1282.2 5 0
github.com/multiversx/mx-chain-vm-go/executor/wrapper/wrapperVMHooks.go:1285.89,1290.2 4 0
github.com/multiversx/mx-chain-vm-go/executor/wrapper/wrapperVMHooks.go:1293.70,1298.2 4 0
github.com/multiversx/mx-chain-vm-go/executor/wrapper/wrapperVMHooks.go:1301.69,1306.2 4 0
github.com/multiversx/mx-chain-vm-go/executor/wrapper/wrapperVMHooks.go:1309.87,1314.2 4 0
github.com/multiversx/mx-chain-vm-go/executor/wrapper/wrapperVMHooks.go:1317.85,1322.2 4 0
github.com/multiversx/mx-chain-vm-go/executor/wrapper/wrapperVMHooks.go:1325.136,1331.2 5 0
github.com/multiversx/mx-chain-vm-go/executor/wrapper/wrapperVMHooks.go:1334.140,1340.2 5 0
github.com/multiversx/mx-chain-vm-go/executor/wrapper/wrapperVMHooks.go:1343.70,1348.2 4 0
github.com/multiversx/mx-chain-vm-go/executor/wrapper/wrapperVMHooks.go:1351.68,1356.2 4 0
github.com/multiversx/mx-chain-vm-go/executor/wrapper/wrapperVMHooks.go:1359.94,1364.2 4 0
github.com/multiversx/mx-chain-vm-go/executor/wrapper/wrapperVMHooks.go:1367.96,1372.2 4 0
github.com/multiversx/mx-chain-vm-go/executor/wrapper/wrapperVMHooks.go:1375.181,1380.2 4 0
github.com/multiversx/mx-chain-vm-go/executor/wrapper/wrapperVMHooks.go:1383.60,1389.2 5 0
github.com/multiversx/mx-chain-vm-go/executor/wrapper/wrapperVMHooks.go:1392.80,1398.2 5 0
github.com/multiversx/mx-chain-vm-go/executor/wrapper/wrapperVMHooks.go:1401.78,1407.2 5 0
github.com/multiversx/mx-chain-vm-go/executor/wrapper/wrapperVMHooks.go:1410.106,1416.2 5 0
github.com/multiversx/mx-chain-vm-go/executor/wrapper/wrapperVMHooks.go:1419.104,1425.2 5 0
github.com/multiversx/mx-chain-vm-go/executor/wrapper/wrapperVMHooks.go:1428.133,1433.2 4 0
github.com/multiversx/mx-chain-vm-go/executor/wrapper/wrapperVMHooks.go:1436.131,1441.2 4 0
github.com/multiversx/mx-chain-vm-go/executor/wrapper/wrapperVMHooks.go:1444.71,1450.2 5 0
github.com/multiversx/mx-chain-vm-go/executor/wrapper/wrapperVMHooks.go:1453.72,1459.2 5 0
github.com/multiversx/mx-chain-vm-go/executor/wrapper/wrapperVMHooks.go:1462.79,1467.2 4 0
github.com/multiversx/mx-chain-vm-go/executor/wrapper/wrapperVMHooks.go:1470.95,1475.2 4 0
github.com/multiversx/mx-chain-vm-go/executor/wrapper/wrapperVMHooks.go:1478.95,1483.2 4 0
github.com/multiversx/mx-chain-vm-go/executor/wrapper/wrapperVMHooks.go:1486.95,1491.2 4 0
github.com/multiversx/mx-chain-vm-go/executor/wrapper/wrapperVMHooks.go:1494.96,1499.2 4 0
github.com/multiversx/mx-chain-vm-go/executor/wrapper/wrapperVMHooks.go:1502.96,1507.2 4 0
github.com/multiversx/mx-chain-vm-go/executor/wrapper/wrapperVMHooks.go:1510.96,1515.2 4 0
github.com/multiversx/mx-chain-vm-go/executor/wrapper/wrapperVMHooks.go:1518.96,1523.2 4 0
github.com/multiversx/mx-chain-vm-go/executor/wrapper/wrapperVMHooks.go:1526.78,1531.2 4 0
github.com/multiversx/mx-chain-vm-go/executor/wrapper/wrapperVMHooks.go:1534.95,1539.2 4 0
github.com/multiversx/mx-chain-vm-go/executor/wrapper/wrapperVMHooks.go:1542.60,1548.2 5 0
github.com/multiversx/mx-chain-vm-go/executor/wrapper/wrapperVMHooks.go:1551.77,1556.2 4 0
github.com/multiversx/mx-chain-vm-go/executor/wrapper/wrapperVMHooks.go:1559.77,1564.2 4 0
github.com/multiversx/mx-chain-vm-go/executor/wrapper/wrapperVMHooks.go:1567.59,1573.2 5 0
github.com/multiversx/mx-chain-vm-go/executor/wrapper/wrapperVMHooks.go:1576.76,1582.2 5 0
github.com/multiversx/mx-chain-vm-go/executor/wrapper/wrapperVMHooks.go:1585.77,1590.2 4 0
github.com/multiversx/mx-chain-vm-go/executor/wrapper/wrapperVMHooks.go:1593.95,1598.2 4 0
github.com/multiversx/mx-chain-vm-go/executor/wrapper/wrapperVMHooks.go:1601.94,1606.2 4 0
github.com/multiversx/mx-chain-vm-go/executor/wrapper/wrapperVMHooks.go:1609.95,1614.2 4 0
github.com/multiversx/mx-chain-vm-go/executor/wrapper/wrapperVMHooks.go:1617.89,1622.2 4 0
github.com/multiversx/mx-chain-vm-go/executor/wrapper/wrapperVMHooks.go:1625.89,1630.2 4 0
github.com/multiversx/mx-chain-vm-go/executor/wrapper/wrapperVMHooks.go:1633.70,1638.2 4 0
github.com/multiversx/mx-chain-vm-go/executor/wrapper/wrapperVMHooks.go:1641.68,1646.2 4 0
github.com/multiversx/mx-chain-vm-go/executor/wrapper/wrapperVMHooks.go:1649.86,1654.2 4 0
github.com/multiversx/mx-chain-vm-go/executor/wrapper/wrapperVMHooks.go:1657.45,1663.2 5 0
github.com/multiversx/mx-chain-vm-go/executor/wrapper/wrapperVMHooks.go:1666.111,1672.2 5 0
github.com/multiversx/mx-chain-vm-go/executor/wrapper/wrapperVMHooks.go:1675.70,1681.2 5 0
github.com/multiversx/mx-chain-vm-go/executor/wrapper/wrapperVMHooks.go:1684.99,1690.2 5 0
github.com/multiversx/mx-chain-vm-go/executor/wrapper/wrapperVMHooks.go:1693.145,1699.2 5 0
github.com/multiversx/mx-chain-vm-go/executor/wrapper/wrapperVMHooks.go:1702.141,1708.2 5 0
github.com/multiversx/mx-chain-vm-go/executor/wrapper/wrapperVMHooks.go:1711.86,1717.2 5 0
github.com/multiversx/mx-chain-vm-go/executor/wrapper/wrapperVMHooks.go:1720.128,1726.2 5 0
github.com/multiversx/mx-chain-vm-go/executor/wrapper/wrapperVMHooks.go:1729.156,1735.2 5 0
github.com/multiversx/mx-chain-vm-go/executor/wrapper/wrapperVMHooks.go:1738.89,1744.2 5 0
github.com/multiversx/mx-chain-vm-go/executor/wrapper/wrapperVMHooks.go:1747.135,1753.2 5 0
github.com/multiversx/mx-chain-vm-go/executor/wrapper/wrapperVMHooks.go:1756.97,1762.2 5 0
github.com/multiversx/mx-chain-vm-go/executor/wrapper/wrapperVMHooks.go:1765.95,1771.2 5 0
github.com/multiversx/mx-chain-vm-go/executor/wrapper/wrapperVMHooks.go:1774.99,1780.2 5 0
github.com/multiversx/mx-chain-vm-go/executor/wrapper/wrapperVMHooks.go:1783.97,1789.2 5 0
github.com/multiversx/mx-chain-vm-go/executor/wrapper/wrapperVMHooks.go:1792.79,1798.2 5 0
github.com/multiversx/mx-chain-vm-go/executor/wrapper/wrapperVMHooks.go:1801.77,1807.2 5 0
github.com/multiversx/mx-chain-vm-go/executor/wrapper/wrapperVMHooks.go:1810.88,1815.2 4 0
github.com/multiversx/mx-chain-vm-go/executor/wrapper/wrapperVMHooks.go:1818.86,1823.2 4 0
github.com/multiversx/mx-chain-vm-go/executor/wrapper/wrapperVMHooks.go:1826.93,1832.2 5 0
github.com/multiversx/mx-chain-vm-go/executor/wrapper/wrapperVMHooks.go:1835.95,1841.2 5 0
github.com/multiversx/mx-chain-vm-go/executor/wrapper/wrapperVMHooks.go:1844.89,1850.2 5 0
github.com/multiversx/mx-chain-vm-go/executor/wrapper/wrapperVMHooks.go:1853.93,1859.2 5 0
github.com/multiversx/mx-chain-vm-go/executor/wrapper/wrapperVMHooks.go:1862.119,1867.2 4 0
github.com/multiversx/mx-chain-vm-go/executor/wrapper/wrapperVMHooks.go:1870.86,1876.2 5 0
github.com/multiversx/mx-chain-vm-go/executor/wrapper/wrapperVMHooks.go:1879.66,1885.2 5 0
github.com/multiversx/mx-chain-vm-go/executor/wrapper/wrapperVMHooks.go:1888.88,1894.2 5 0
github.com/multiversx/mx-chain-vm-go/executor/wrapper/wrapperVMHooks.go:1897.48,1903.2 5 0
github.com/multiversx/mx-chain-vm-go/executor/wrapper/wrapperVMHooks.go:1906.100,1912.2 5 0
github.com/multiversx/mx-chain-vm-go/executor/wrapper/wrapperVMHooks.go:1915.103,1921.2 5 0
github.com/multiversx/mx-chain-vm-go/executor/wrapper/wrapperVMHooks.go:1924.106,1930.2 5 0
github.com/multiversx/mx-chain-vm-go/executor/wrapper/wrapperVMHooks.go:1933.86,1939.2 5 0
github.com/multiversx/mx-chain-vm-go/executor/wrapper/wrapperVMHooks.go:1942.70,1948.2 5 0
github.com/multiversx/mx-chain-vm-go/executor/wrapper/wrapperVMHooks.go:1951.68,1957.2 5 0
github.com/multiversx/mx-chain-vm-go/executor/wrapper/wrapperVMHooks.go:1960.62,1965.2 4 0
github.com/multiversx/mx-chain-vm-go/executor/wrapper/wrapperVMHooks.go:1968.60,1973.2 4 0
github.com/multiversx/mx-chain-vm-go/executor/wrapper/wrapperVMHooks.go:1976.131,1982.2 5 0
github.com/multiversx/mx-chain-vm-go/executor/wrapper/wrapperVMHooks.go:1985.129,1991.2 5 0
github.com/multiversx/mx-chain-vm-go/executor/wrapper/wrapperVMHooks.go:1994.117,2000.2 5 0
github.com/multiversx/mx-chain-vm-go/executor/wrapper/wrapperVMHooks.go:2003.115,2009.2 5 0
github.com/multiversx/mx-chain-vm-go/executor/wrapper/wrapperVMHooks.go:2012.59,2018.2 5 0
github.com/multiversx/mx-chain-vm-go/executor/wrapper/wrapperVMHooks.go:2021.51,2026.2 4 0
github.com/multiversx/mx-chain-vm-go/executor/wrapper/wrapperVMHooks.go:2029.120,2035.2 5 0
github.com/multiversx/mx-chain-vm-go/executor/wrapper/wrapperVMHooks.go:2038.106,2044.2 5 0
github.com/multiversx/mx-chain-vm-go/executor/wrapper/wrapperVMHooks.go:2047.124,2053.2 5 0
github.com/multiversx/mx-chain-vm-go/executor/wrapper/wrapperVMHooks.go:2056.85,2062.2 5 0
github.com/multiversx/mx-chain-vm-go/executor/wrapper/wrapperVMHooks.go:2065.127,2071.2 5 0
github.com/multiversx/mx-chain-vm-go/executor/wrapper/wrapperVMHooks.go:2074.88,2080.2 5 0
github.com/multiversx/mx-chain-vm-go/executor/wrapper/wrapperVMHooks.go:2083.127,2089.2 5 0
github.com/multiversx/mx-chain-vm-go/executor/wrapper/wrapperVMHooks.go:2092.88,2098.2 5 0
github.com/multiversx/mx-chain-vm-go/executor/wrapper/wrapperVMHooks.go:2101.161,2107.2 5 0
github.com/multiversx/mx-chain-vm-go/executor/wrapper/wrapperVMHooks.go:2110.104,2116.2 5 0
github.com/multiversx/mx-chain-vm-go/executor/wrapper/wrapperVMHooks.go:2119.165,2125.2 5 0
github.com/multiversx/mx-chain-vm-go/executor/wrapper/wrapperVMHooks.go:2128.108,2134.2 5 0
github.com/multiversx/mx-chain-vm-go/executor/wrapper/wrapperVMHooks.go:2137.219,2143.2 5 0
github.com/multiversx/mx-chain-vm-go/executor/wrapper/wrapperVMHooks.go:2146.132,2152.2 5 0
github.com/multiversx/mx-chain-vm-go/executor/wrapper/wrapperVMHooks.go:2155.197,2161.2 5 0
github.com/multiversx/mx-chain-vm-go/executor/wrapper/wrapperVMHooks.go:2164.110,2170.2 5 0
github.com/multiversx/mx-chain-vm-go/executor/wrapper/wrapperVMHooks.go:2173.193,2179.2 5 0
github.com/multiversx/mx-chain-vm-go/executor/wrapper/wrapperVMHooks.go:2182.114,2188.2 5 0
github.com/multiversx/mx-chain-vm-go/executor/wrapper/wrapperVMHooks.go:2191.182,2196.2 4 0
github.com/multiversx/mx-chain-vm-go/executor/wrapper/wrapperVMHooks.go:2199.133,2204.2 4 0
github.com/multiversx/mx-chain-vm-go/executor/wrapper/wrapperVMHooks.go:2207.100,2213.2 5 0
github.com/multiversx/mx-chain-vm-go/executor/wrapper/wrapperVMHooks.go:2216.162,2222.2 5 0
github.com/multiversx/mx-chain-vm-go/executor/wrapper/wrapperVMHooks.go:2225.132,2231.2 5 0
github.com/multiversx/mx-chain-vm-go/executor/wrapper/wrapperVMHooks.go:2234.198,2240.2 5 0
github.com/multiversx/mx-chain-vm-go/executor/wrapper/wrapperVMHooks.go:2243.168,2249.2 5 0
github.com/multiversx/mx-chain-vm-go/executor/wrapper/wrapperVMHooks.go:2252.126,2258.2 5 0
github.com/multiversx/mx-chain-vm-go/executor/wrapper/wrapperVMHooks.go:2261.123,2267.2 5 0
github.com/multiversx/mx-chain-vm-go/executor/wrapper/wrapperVMHooks.go:2270.136,2276.2 5 0
github.com/multiversx/mx-chain-vm-go/executor/wrapper/wrapperVMHooks.go:2279.133,2285.2 5 0
github.com/multiversx/mx-chain-vm-go/executor/wrapper/wrapperVMHooks.go:2288.157,2294.2 5 0
github.com/multiversx/mx-chain-vm-go/executor/wrapper/wrapperVMHooks.go:2297.127,2303.2 5 0
github.com/multiversx/mx-chain-vm-go/executor/wrapper/wrapperVMHooks.go:2306.167,2312.2 5 0
github.com/multiversx/mx-chain-vm-go/executor/wrapper/wrapperVMHooks.go:2315.137,2321.2 5 0
github.com/multiversx/mx-chain-vm-go/executor/wrapper/wrapperVMHooks.go:2324.134,2330.2 5 0
github.com/multiversx/mx-chain-vm-go/executor/wrapper/wrapperVMHooks.go:2333.131,2339.2 5 0
github.com/multiversx/mx-chain-vm-go/executor/wrapper/wrapperVMHooks.go:2342.100,2348.2 5 0
github.com/multiversx/mx-chain-vm-go/executor/wrapper/wrapperVMHooks.go:2351.66,2357.2 5 0
github.com/multiversx/mx-chain-vm-go/executor/wrapper/wrapperVMHooks.go:2360.65,2366.2 5 0
github.com/multiversx/mx-chain-vm-go/executor/wrapper/wrapperVMHooks.go:2369.71,2375.2 5 0
github.com/multiversx/mx-chain-vm-go/executor/wrapper/wrapperVMHooks.go:2378.195,2384.2 5 0
github.com/multiversx/mx-chain-vm-go/executor/wrapper/wrapperVMHooks.go:2387.110,2393.2 5 0
github.com/multiversx/mx-chain-vm-go/executor/wrapper/wrapperVMHooks.go:2396.118,2402.2 5 0
github.com/multiversx/mx-chain-vm-go/executor/wrapper/wrapperVMHooks.go:2405.123,2411.2 5 0
github.com/multiversx/mx-chain-vm-go/math/bigFloat_wrapper.go:8.70,9.15 1 2
github.com/multiversx/mx-chain-vm-go/math/bigFloat_wrapper.go:9.15,10.31 1 2
github.com/multiversx/mx-chain-vm-go/math/bigFloat_wrapper.go:10.31,13.4 2 1
github.com/multiversx/mx-chain-vm-go/math/bigFloat_wrapper.go:15.2,17.8 3 2
github.com/multiversx/mx-chain-vm-go/math/bigFloat_wrapper.go:21.70,22.15 1 2
github.com/multiversx/mx-chain-vm-go/math/bigFloat_wrapper.go:22.15,23.31 1 2
github.com/multiversx/mx-chain-vm-go/math/bigFloat_wrapper.go:23.31,26.4 2 1
github.com/multiversx/mx-chain-vm-go/math/bigFloat_wrapper.go:28.2,30.8 3 2
github.com/multiversx/mx-chain-vm-go/math/bigFloat_wrapper.go:34.70,35.15 1 2
github.com/multiversx/mx-chain-vm-go/math/bigFloat_wrapper.go:35.15,36.31 1 2
github.com/multiversx/mx-chain-vm-go/math/bigFloat_wrapper.go:36.31,39.4 2 1
github.com/multiversx/mx-chain-vm-go/math/bigFloat_wrapper.go:41.2,43.8 3 2
github.com/multiversx/mx-chain-vm-go/math/bigFloat_wrapper.go:47.70,48.15 1 2
github.com/multiversx/mx-chain-vm-go/math/bigFloat_wrapper.go:48.15,49.31 1 2
github.com/multiversx/mx-chain-vm-go/math/bigFloat_wrapper.go:49.31,52.4 2 1
github.com/multiversx/mx-chain-vm-go/math/bigFloat_wrapper.go:54.2,56.8 3 2
github.com/multiversx/mx-chain-vm-go/math/bigFloat_wrapper.go:60.65,61.15 1 2
github.com/multiversx/mx-chain-vm-go/math/bigFloat_wrapper.go:61.15,62.31 1 2
github.com/multiversx/mx-chain-vm-go/math/bigFloat_wrapper.go:62.31,65.4 2 1
github.com/multiversx/mx-chain-vm-go/math/bigFloat_wrapper.go:67.2,69.8 3 2
github.com/multiversx/mx-chain-vm-go/math/overflow.go:12.36,14.16 2 3
github.com/multiversx/mx-chain-vm-go/math/overflow.go:14.16,17.3 2 1
github.com/multiversx/mx-chain-vm-go/math/overflow.go:19.2,19.12 1 2
github.com/multiversx/mx-chain-vm-go/math/overflow.go:23.52,25.22 2 6
github.com/multiversx/mx-chain-vm-go/math/overflow.go:25.22,27.3 1 4
github.com/multiversx/mx-chain-vm-go/math/overflow.go:29.2,29.51 1 2
github.com/multiversx/mx-chain-vm-go/math/overflow.go:33.36,34.11 1 4
github.com/multiversx/mx-chain-vm-go/math/overflow.go:34.11,36.3 1 2
github.com/multiversx/mx-chain-vm-go/math/overflow.go:38.2,38.14 1 2
github.com/multiversx/mx-chain-vm-go/math/overflow.go:42.36,44.16 2 3
github.com/multiversx/mx-chain-vm-go/math/overflow.go:44.16,47.3 2 1
github.com/multiversx/mx-chain-vm-go/math/overflow.go:49.2,49.12 1 2
github.com/multiversx/mx-chain-vm-go/math/overflow.go:53.52,55.36 2 6
github.com/multiversx/mx-chain-vm-go/math/overflow.go:55.36,57.3 1 4
github.com/multiversx/mx-chain-vm-go/math/overflow.go:59.2,59.57 1 2
github.com/multiversx/mx-chain-vm-go/math/overflow.go:63.33,65.16 2 3
github.com/multiversx/mx-chain-vm-go/math/overflow.go:65.16,68.3 2 1
github.com/multiversx/mx-chain-vm-go/math/overflow.go:70.2,70.12 1 2
github.com/multiversx/mx-chain-vm-go/math/overflow.go:74.49,76.24 2 6
github.com/multiversx/mx-chain-vm-go/math/overflow.go:76.24,78.3 1 4
github.com/multiversx/mx-chain-vm-go/math/overflow.go:80.2,80.50 1 2
github.com/multiversx/mx-chain-vm-go/math/overflow.go:84.27,86.26 2 3
github.com/multiversx/mx-chain-vm-go/math/overflow.go:86.26,88.3 1 2
github.com/multiversx/mx-chain-vm-go/math/overflow.go:90.2,91.29 2 1
github.com/multiversx/mx-chain-vm-go/math/overflowHandler.go:14.44,16.2 1 9
github.com/multiversx/mx-chain-vm-go/math/overflowHandler.go:19.60,20.24 1 7
github.com/multiversx/mx-chain-vm-go/math/overflowHandler.go:20.24,22.3 1 2
github.com/multiversx/mx-chain-vm-go/math/overflowHandler.go:24.2,25.24 2 5
github.com/multiversx/mx-chain-vm-go/math/overflowHandler.go:25.24,27.3 1 3
github.com/multiversx/mx-chain-vm-go/math/overflowHandler.go:29.2,29.24 1 2
github.com/multiversx/mx-chain-vm-go/math/overflowHandler.go:29.24,31.3 1 2
github.com/multiversx/mx-chain-vm-go/math/overflowHandler.go:33.2,33.29 1 2
github.com/multiversx/mx-chain-vm-go/math/overflowHandler.go:37.60,38.24 1 5
github.com/multiversx/mx-chain-vm-go/math/overflowHandler.go:38.24,40.3 1 2
github.com/multiversx/mx-chain-vm-go/math/overflowHandler.go:42.2,43.36 2 3
github.com/multiversx/mx-chain-vm-go/math/overflowHandler.go:43.36,45.3 1 2
github.com/multiversx/mx-chain-vm-go/math/overflowHandler.go:47.2,47.24 1 1
github.com/multiversx/mx-chain-vm-go/math/overflowHandler.go:47.24,49.3 1 1
github.com/multiversx/mx-chain-vm-go/math/overflowHandler.go:51.2,51.29 1 1
github.com/multiversx/mx-chain-vm-go/math/overflowHandler.go:55.47,57.2 1 12
github.com/multiversx/mx-chain-vm-go/math/randomnessGenerator.go:14.53,24.2 5 4
github.com/multiversx/mx-chain-vm-go/math/randomnessGenerator.go:27.62,29.2 1 6
github.com/multiversx/mx-chain-vm-go/math/randomnessGenerator.go:32.50,34.2 1 4
github.com/multiversx/mx-chain-vm-go/mock/context/blockChainHookStub.go:52.116,53.31 1 0
github.com/multiversx/mx-chain-vm-go/mock/context/blockChainHookStub.go:53.31,55.3 1 0
github.com/multiversx/mx-chain-vm-go/mock/context/blockChainHookStub.go:56.2,56.34 1 0
github.com/multiversx/mx-chain-vm-go/mock/context/blockChainHookStub.go:60.106,61.35 1 0
github.com/multiversx/mx-chain-vm-go/mock/context/blockChainHookStub.go:61.35,63.3 1 0
github.com/multiversx/mx-chain-vm-go/mock/context/blockChainHookStub.go:64.2,64.20 1 0
github.com/multiversx/mx-chain-vm-go/mock/context/blockChainHookStub.go:68.73,69.33 1 0
github.com/multiversx/mx-chain-vm-go/mock/context/blockChainHookStub.go:69.33,71.3 1 0
github.com/multiversx/mx-chain-vm-go/mock/context/blockChainHookStub.go:72.2,72.32 1 0
github.com/multiversx/mx-chain-vm-go/mock/context/blockChainHookStub.go:76.49,77.30 1 0
github.com/multiversx/mx-chain-vm-go/mock/context/blockChainHookStub.go:77.30,79.3 1 0
github.com/multiversx/mx-chain-vm-go/mock/context/blockChainHookStub.go:80.2,80.10 1 0
github.com/multiversx/mx-chain-vm-go/mock/context/blockChainHookStub.go:84.49,85.30 1 0
github.com/multiversx/mx-chain-vm-go/mock/context/blockChainHookStub.go:85.30,87.3 1 0
github.com/multiversx/mx-chain-vm-go/mock/context/blockChainHookStub.go:88.2,88.10 1 0
github.com/multiversx/mx-chain-vm-go/mock/context/blockChainHookStub.go:92.53,93.34 1 0
github.com/multiversx/mx-chain-vm-go/mock/context/blockChainHookStub.go:93.34,95.3 1 0
github.com/multiversx/mx-chain-vm-go/mock/context/blockChainHookStub.go:96.2,96.10 1 0
github.com/multiversx/mx-chain-vm-go/mock/context/blockChainHookStub.go:100.55,101.36 1 0
github.com/multiversx/mx-chain-vm-go/mock/context/blockChainHookStub.go:101.36,103.3 1 0
github.com/multiversx/mx-chain-vm-go/mock/context/blockChainHookStub.go:104.2,104.10 1 0
github.com/multiversx/mx-chain-vm-go/mock/context/blockChainHookStub.go:108.54,109.35 1 0
github.com/multiversx/mx-chain-vm-go/mock/context/blockChainHookStub.go:109.35,111.3 1 0
github.com/multiversx/mx-chain-vm-go/mock/context/blockChainHookStub.go:112.2,112.23 1 0
github.com/multiversx/mx-chain-vm-go/mock/context/blockChainHookStub.go:116.49,117.30 1 0
github.com/multiversx/mx-chain-vm-go/mock/context/blockChainHookStub.go:117.30,119.3 1 0
github.com/multiversx/mx-chain-vm-go/mock/context/blockChainHookStub.go:120.2,120.10 1 0
github.com/multiversx/mx-chain-vm-go/mock/context/blockChainHookStub.go:124.56,125.37 1 0
github.com/multiversx/mx-chain-vm-go/mock/context/blockChainHookStub.go:125.37,127.3 1 0
github.com/multiversx/mx-chain-vm-go/mock/context/blockChainHookStub.go:128.2,128.27 1 0
github.com/multiversx/mx-chain-vm-go/mock/context/blockChainHookStub.go:132.52,133.33 1 0
github.com/multiversx/mx-chain-vm-go/mock/context/blockChainHookStub.go:133.33,135.3 1 0
github.com/multiversx/mx-chain-vm-go/mock/context/blockChainHookStub.go:136.2,136.10 1 0
github.com/multiversx/mx-chain-vm-go/mock/context/blockChainHookStub.go:140.52,141.33 1 0
github.com/multiversx/mx-chain-vm-go/mock/context/blockChainHookStub.go:141.33,143.3 1 0
github.com/multiversx/mx-chain-vm-go/mock/context/blockChainHookStub.go:144.2,144.10 1 0
github.com/multiversx/mx-chain-vm-go/mock/context/blockChainHookStub.go:148.56,149.37 1 0
github.com/multiversx/mx-chain-vm-go/mock/context/blockChainHookStub.go:149.37,151.3 1 0
github.com/multiversx/mx-chain-vm-go/mock/context/blockChainHookStub.go:152.2,152.10 1 0
github.com/multiversx/mx-chain-vm-go/mock/context/blockChainHookStub.go:156.58,157.39 1 0
github.com/multiversx/mx-chain-vm-go/mock/context/blockChainHookStub.go:157.39,159.3 1 0
github.com/multiversx/mx-chain-vm-go/mock/context/blockChainHookStub.go:160.2,160.10 1 0
github.com/multiversx/mx-chain-vm-go/mock/context/blockChainHookStub.go:164.57,165.38 1 0
github.com/multiversx/mx-chain-vm-go/mock/context/blockChainHookStub.go:165.38,167.3 1 0
github.com/multiversx/mx-chain-vm-go/mock/context/blockChainHookStub.go:168.2,168.23 1 0
github.com/multiversx/mx-chain-vm-go/mock/context/blockChainHookStub.go:172.52,173.33 1 0
github.com/multiversx/mx-chain-vm-go/mock/context/blockChainHookStub.go:173.33,175.3 1 0
github.com/multiversx/mx-chain-vm-go/mock/context/blockChainHookStub.go:176.2,176.10 1 0
github.com/multiversx/mx-chain-vm-go/mock/context/blockChainHookStub.go:180.49,181.30 1 0
github.com/multiversx/mx-chain-vm-go/mock/context/blockChainHookStub.go:181.30,183.3 1 0
github.com/multiversx/mx-chain-vm-go/mock/context/blockChainHookStub.go:184.2,184.10 1 0
github.com/multiversx/mx-chain-vm-go/mock/context/blockChainHookStub.go:188.66,189.47 1 0
github.com/multiversx/mx-chain-vm-go/mock/context/blockChainHookStub.go:189.47,191.3 1 0
github.com/multiversx/mx-chain-vm-go/mock/context/blockChainHookStub.go:192.2,192.10 1 0
github.com/multiversx/mx-chain-vm-go/mock/context/blockChainHookStub.go:196.60,197.41 1 0
github.com/multiversx/mx-chain-vm-go/mock/context/blockChainHookStub.go:197.41,199.3 1 0
github.com/multiversx/mx-chain-vm-go/mock/context/blockChainHookStub.go:200.2,200.10 1 0
github.com/multiversx/mx-chain-vm-go/mock/context/blockChainHookStub.go:204.60,205.41 1 0
github.com/multiversx/mx-chain-vm-go/mock/context/blockChainHookStub.go:205.41,207.3 1 0
github.com/multiversx/mx-chain-vm-go/mock/context/blockChainHookStub.go:208.2,208.10 1 0
github.com/multiversx/mx-chain-vm-go/mock/context/blockChainHookStub.go:212.116,213.43 1 0
github.com/multiversx/mx-chain-vm-go/mock/context/blockChainHookStub.go:213.43,215.3 1 0
github.com/multiversx/mx-chain-vm-go/mock/context/blockChainHookStub.go:216.2,216.34 1 0
github.com/multiversx/mx-chain-vm-go/mock/context/blockChainHookStub.go:220.79,221.44 1 0
github.com/multiversx/mx-chain-vm-go/mock/context/blockChainHookStub.go:221.44,223.3 1 0
github.com/multiversx/mx-chain-vm-go/mock/context/blockChainHookStub.go:224.2,224.37 1 0
github.com/multiversx/mx-chain-vm-go/mock/context/blockChainHookStub.go:228.85,229.32 1 0
github.com/multiversx/mx-chain-vm-go/mock/context/blockChainHookStub.go:229.32,231.3 1 0
github.com/multiversx/mx-chain-vm-go/mock/context/blockChainHookStub.go:232.2,232.17 1 0
github.com/multiversx/mx-chain-vm-go/mock/context/blockChainHookStub.go:236.98,237.35 1 0
github.com/multiversx/mx-chain-vm-go/mock/context/blockChainHookStub.go:237.35,239.3 1 0
github.com/multiversx/mx-chain-vm-go/mock/context/blockChainHookStub.go:240.2,240.17 1 0
github.com/multiversx/mx-chain-vm-go/mock/context/blockChainHookStub.go:244.119,245.33 1 0
github.com/multiversx/mx-chain-vm-go/mock/context/blockChainHookStub.go:245.33,247.3 1 0
github.com/multiversx/mx-chain-vm-go/mock/context/blockChainHookStub.go:248.2,248.56 1 0
github.com/multiversx/mx-chain-vm-go/mock/context/blockChainHookStub.go:252.82,253.28 1 0
github.com/multiversx/mx-chain-vm-go/mock/context/blockChainHookStub.go:253.28,255.3 1 0
github.com/multiversx/mx-chain-vm-go/mock/context/blockChainHookStub.go:256.2,256.12 1 0
github.com/multiversx/mx-chain-vm-go/mock/context/blockChainHookStub.go:260.71,261.38 1 0
github.com/multiversx/mx-chain-vm-go/mock/context/blockChainHookStub.go:261.38,263.3 1 0
github.com/multiversx/mx-chain-vm-go/mock/context/blockChainHookStub.go:264.2,264.10 1 0
github.com/multiversx/mx-chain-vm-go/mock/context/blockChainHookStub.go:268.67,269.36 1 0
github.com/multiversx/mx-chain-vm-go/mock/context/blockChainHookStub.go:269.36,271.3 1 0
github.com/multiversx/mx-chain-vm-go/mock/context/blockChainHookStub.go:272.2,272.14 1 0
github.com/multiversx/mx-chain-vm-go/mock/context/blockChainHookStub.go:276.73,277.30 1 0
github.com/multiversx/mx-chain-vm-go/mock/context/blockChainHookStub.go:277.30,279.3 1 0
github.com/multiversx/mx-chain-vm-go/mock/context/blockChainHookStub.go:280.2,280.18 1 0
github.com/multiversx/mx-chain-vm-go/mock/context/blockChainHookStub.go:284.77,285.37 1 0
github.com/multiversx/mx-chain-vm-go/mock/context/blockChainHookStub.go:285.37,287.3 1 0
github.com/multiversx/mx-chain-vm-go/mock/context/blockChainHookStub.go:291.78,292.36 1 0
github.com/multiversx/mx-chain-vm-go/mock/context/blockChainHookStub.go:292.36,294.3 1 0
github.com/multiversx/mx-chain-vm-go/mock/context/blockChainHookStub.go:295.2,295.19 1 0
github.com/multiversx/mx-chain-vm-go/mock/context/blockChainHookStub.go:299.52,300.2 0 0
github.com/multiversx/mx-chain-vm-go/mock/context/blockChainHookStub.go:303.48,304.32 1 0
github.com/multiversx/mx-chain-vm-go/mock/context/blockChainHookStub.go:304.32,306.3 1 0
github.com/multiversx/mx-chain-vm-go/mock/context/blockChainHookStub.go:307.2,307.10 1 0
github.com/multiversx/mx-chain-vm-go/mock/context/blockChainHookStub.go:311.67,312.37 1 0
github.com/multiversx/mx-chain-vm-go/mock/context/blockChainHookStub.go:312.37,314.3 1 0
github.com/multiversx/mx-chain-vm-go/mock/context/blockChainHookStub.go:315.2,315.12 1 0
github.com/multiversx/mx-chain-vm-go/mock/context/blockChainHookStub.go:319.54,321.2 1 0
github.com/multiversx/mx-chain-vm-go/mock/context/blockChainHookStub.go:324.63,326.2 1 0
github.com/multiversx/mx-chain-vm-go/mock/context/blockChainHookStub.go:329.127,330.54 1 0
github.com/multiversx/mx-chain-vm-go/mock/context/blockChainHookStub.go:330.54,332.3 1 0
github.com/multiversx/mx-chain-vm-go/mock/context/blockChainHookStub.go:333.2,333.17 1 0
github.com/multiversx/mx-chain-vm-go/mock/context/blockChainHookStub.go:337.52,339.2 1 0
github.com/multiversx/mx-chain-vm-go/mock/context/cryptoMock.go:10.59,12.2 1 0
github.com/multiversx/mx-chain-vm-go/mock/context/cryptoMock.go:15.62,17.2 1 0
github.com/multiversx/mx-chain-vm-go/mock/context/cryptoMock.go:20.62,22.2 1 0
github.com/multiversx/mx-chain-vm-go/mock/context/cryptoMock.go:25.72,27.2 1 0
github.com/multiversx/mx-chain-vm-go/mock/context/cryptoMock.go:30.84,32.2 1 0
github.com/multiversx/mx-chain-vm-go/mock/context/cryptoMock.go:35.83,37.2 1 0
github.com/multiversx/mx-chain-vm-go/mock/context/cryptoMock.go:40.76,42.2 1 0
github.com/multiversx/mx-chain-vm-go/mock/context/cryptoMock.go:45.87,47.2 1 0
github.com/multiversx/mx-chain-vm-go/mock/context/cryptoMock.go:50.78,52.2 1 0
github.com/multiversx/mx-chain-vm-go/mock/context/cryptoMock.go:55.74,57.2 1 0
github.com/multiversx/mx-chain-vm-go/mock/context/cryptoMock.go:60.92,62.2 1 0
github.com/multiversx/mx-chain-vm-go/mock/context/executorMock.go:22.78,26.2 1 0
github.com/multiversx/mx-chain-vm-go/mock/context/executorMock.go:29.107,33.2 3 0
github.com/multiversx/mx-chain-vm-go/mock/context/executorMock.go:36.55,38.2 1 0
github.com/multiversx/mx-chain-vm-go/mock/context/executorMock.go:49.64,56.2 2 0
github.com/multiversx/mx-chain-vm-go/mock/context/executorMock.go:59.79,60.2 0 0
github.com/multiversx/mx-chain-vm-go/mock/context/executorMock.go:63.74,65.2 1 0
github.com/multiversx/mx-chain-vm-go/mock/context/executorMock.go:69.233,76.19 6 0
github.com/multiversx/mx-chain-vm-go/mock/context/executorMock.go:76.19,81.22 5 0
github.com/multiversx/mx-chain-vm-go/mock/context/executorMock.go:81.22,83.4 1 0
github.com/multiversx/mx-chain-vm-go/mock/context/executorMock.go:84.3,84.38 1 0
github.com/multiversx/mx-chain-vm-go/mock/context/executorMock.go:87.2,87.17 1 0
github.com/multiversx/mx-chain-vm-go/mock/context/executorMock.go:92.118,95.8 2 0
github.com/multiversx/mx-chain-vm-go/mock/context/executorMock.go:95.8,99.3 3 0
github.com/multiversx/mx-chain-vm-go/mock/context/executorMock.go:100.2,100.19 1 0
github.com/multiversx/mx-chain-vm-go/mock/context/executorMock.go:109.30,112.8 2 0
github.com/multiversx/mx-chain-vm-go/mock/context/executorMock.go:112.8,114.3 1 0
github.com/multiversx/mx-chain-vm-go/mock/context/executorMock.go:115.2,115.82 1 0
github.com/multiversx/mx-chain-vm-go/mock/context/executorMock.go:124.30,126.8 2 0
github.com/multiversx/mx-chain-vm-go/mock/context/executorMock.go:126.8,128.3 1 0
github.com/multiversx/mx-chain-vm-go/mock/context/executorMock.go:129.2,129.98 1 0
github.com/multiversx/mx-chain-vm-go/mock/context/executorMock.go:133.57,135.2 1 0
github.com/multiversx/mx-chain-vm-go/mock/context/instanceMock.go:35.49,48.2 1 0
github.com/multiversx/mx-chain-vm-go/mock/context/instanceMock.go:51.77,53.2 1 0
github.com/multiversx/mx-chain-vm-go/mock/context/instanceMock.go:56.97,60.2 3 0
github.com/multiversx/mx-chain-vm-go/mock/context/instanceMock.go:63.67,67.84 4 0
github.com/multiversx/mx-chain-vm-go/mock/context/instanceMock.go:67.84,69.90 2 0
github.com/multiversx/mx-chain-vm-go/mock/context/instanceMock.go:69.90,71.4 1 0
github.com/multiversx/mx-chain-vm-go/mock/context/instanceMock.go:71.9,73.4 1 0
github.com/multiversx/mx-chain-vm-go/mock/context/instanceMock.go:74.3,74.27 1 0
github.com/multiversx/mx-chain-vm-go/mock/context/instanceMock.go:76.2,76.12 1 0
github.com/multiversx/mx-chain-vm-go/mock/context/instanceMock.go:80.54,82.2 1 0
github.com/multiversx/mx-chain-vm-go/mock/context/instanceMock.go:85.60,87.2 1 0
github.com/multiversx/mx-chain-vm-go/mock/context/instanceMock.go:90.60,92.2 1 0
github.com/multiversx/mx-chain-vm-go/mock/context/instanceMock.go:95.64,97.2 1 0
github.com/multiversx/mx-chain-vm-go/mock/context/instanceMock.go:100.59,102.2 1 0
github.com/multiversx/mx-chain-vm-go/mock/context/instanceMock.go:105.55,107.2 1 0
github.com/multiversx/mx-chain-vm-go/mock/context/instanceMock.go:110.44,113.2 2 0
github.com/multiversx/mx-chain-vm-go/mock/context/instanceMock.go:116.55,118.2 1 0
github.com/multiversx/mx-chain-vm-go/mock/context/instanceMock.go:121.44,123.2 1 0
github.com/multiversx/mx-chain-vm-go/mock/context/instanceMock.go:126.61,129.2 2 0
github.com/multiversx/mx-chain-vm-go/mock/context/instanceMock.go:132.59,134.45 2 0
github.com/multiversx/mx-chain-vm-go/mock/context/instanceMock.go:134.45,136.3 1 0
github.com/multiversx/mx-chain-vm-go/mock/context/instanceMock.go:137.2,137.22 1 0
github.com/multiversx/mx-chain-vm-go/mock/context/instanceMock.go:141.68,143.2 1 0
github.com/multiversx/mx-chain-vm-go/mock/context/instanceMock.go:146.63,148.2 1 0
github.com/multiversx/mx-chain-vm-go/mock/context/instanceMock.go:151.48,153.2 1 0
github.com/multiversx/mx-chain-vm-go/mock/context/instanceMock.go:156.106,158.2 1 0
github.com/multiversx/mx-chain-vm-go/mock/context/instanceMock.go:161.83,163.2 1 0
github.com/multiversx/mx-chain-vm-go/mock/context/instanceMock.go:166.50,168.2 1 0
github.com/multiversx/mx-chain-vm-go/mock/context/instanceMock.go:171.59,173.2 1 0
github.com/multiversx/mx-chain-vm-go/mock/context/instanceMock.go:176.48,178.2 1 0
github.com/multiversx/mx-chain-vm-go/mock/context/instanceMock.go:181.68,184.2 2 0
github.com/multiversx/mx-chain-vm-go/mock/context/instanceMock.go:187.56,190.2 2 0
github.com/multiversx/mx-chain-vm-go/mock/context/instanceMock.go:193.43,195.2 1 0
github.com/multiversx/mx-chain-vm-go/mock/context/instanceMock.go:198.53,200.2 1 0
github.com/multiversx/mx-chain-vm-go/mock/context/instanceMock.go:203.57,204.2 0 0
github.com/multiversx/mx-chain-vm-go/mock/context/instanceMock.go:207.55,209.2 1 0
github.com/multiversx/mx-chain-vm-go/mock/context/memoryMock.go:12.34,18.2 5 0
github.com/multiversx/mx-chain-vm-go/mock/context/memoryMock.go:21.43,23.2 1 0
github.com/multiversx/mx-chain-vm-go/mock/context/memoryMock.go:26.41,28.2 1 0
github.com/multiversx/mx-chain-vm-go/mock/context/memoryMock.go:31.52,35.2 3 0
github.com/multiversx/mx-chain-vm-go/mock/context/memoryMock.go:38.37,40.2 1 0
github.com/multiversx/mx-chain-vm-go/mock/context/memoryMock.go:43.40,45.2 1 0
github.com/multiversx/mx-chain-vm-go/mock/context/memoryMock.go:48.49,50.2 1 0
github.com/multiversx/mx-chain-vm-go/mock/context/meteringContextMock.go:24.44,24.45 0 0
github.com/multiversx/mx-chain-vm-go/mock/context/meteringContextMock.go:27.44,27.45 0 0
github.com/multiversx/mx-chain-vm-go/mock/context/meteringContextMock.go:30.52,30.53 0 0
github.com/multiversx/mx-chain-vm-go/mock/context/meteringContextMock.go:33.54,33.55 0 0
github.com/multiversx/mx-chain-vm-go/mock/context/meteringContextMock.go:36.45,36.46 0 0
github.com/multiversx/mx-chain-vm-go/mock/context/meteringContextMock.go:39.50,39.51 0 0
github.com/multiversx/mx-chain-vm-go/mock/context/meteringContextMock.go:42.81,45.2 2 0
github.com/multiversx/mx-chain-vm-go/mock/context/meteringContextMock.go:48.61,50.2 1 0
github.com/multiversx/mx-chain-vm-go/mock/context/meteringContextMock.go:53.50,54.25 1 0
github.com/multiversx/mx-chain-vm-go/mock/context/meteringContextMock.go:54.25,57.3 2 0
github.com/multiversx/mx-chain-vm-go/mock/context/meteringContextMock.go:59.2,59.22 1 0
github.com/multiversx/mx-chain-vm-go/mock/context/meteringContextMock.go:63.86,65.2 1 0
github.com/multiversx/mx-chain-vm-go/mock/context/meteringContextMock.go:68.51,70.2 1 0
github.com/multiversx/mx-chain-vm-go/mock/context/meteringContextMock.go:73.54,75.2 1 0
github.com/multiversx/mx-chain-vm-go/mock/context/meteringContextMock.go:78.48,80.2 1 0
github.com/multiversx/mx-chain-vm-go/mock/context/meteringContextMock.go:83.83,85.2 1 0
github.com/multiversx/mx-chain-vm-go/mock/context/meteringContextMock.go:88.78,88.79 0 0
github.com/multiversx/mx-chain-vm-go/mock/context/meteringContextMock.go:91.84,91.85 0 0
github.com/multiversx/mx-chain-vm-go/mock/context/meteringContextMock.go:94.146,95.2 0 0
github.com/multiversx/mx-chain-vm-go/mock/context/meteringContextMock.go:98.68,100.2 1 0
github.com/multiversx/mx-chain-vm-go/mock/context/meteringContextMock.go:103.60,105.2 1 0
github.com/multiversx/mx-chain-vm-go/mock/context/meteringContextMock.go:108.59,110.2 1 0
github.com/multiversx/mx-chain-vm-go/mock/context/meteringContextMock.go:113.59,115.2 1 0
github.com/multiversx/mx-chain-vm-go/mock/context/meteringContextMock.go:118.55,120.2 1 0
github.com/multiversx/mx-chain-vm-go/mock/context/meteringContextMock.go:123.64,125.2 1 0
github.com/multiversx/mx-chain-vm-go/mock/context/meteringContextMock.go:128.65,132.21 3 0
github.com/multiversx/mx-chain-vm-go/mock/context/meteringContextMock.go:132.21,134.3 1 0
github.com/multiversx/mx-chain-vm-go/mock/context/meteringContextMock.go:135.2,135.14 1 0
github.com/multiversx/mx-chain-vm-go/mock/context/meteringContextMock.go:139.70,141.2 1 0
github.com/multiversx/mx-chain-vm-go/mock/context/meteringContextMock.go:144.60,146.2 1 0
github.com/multiversx/mx-chain-vm-go/mock/context/meteringContextMock.go:149.70,151.2 1 0
github.com/multiversx/mx-chain-vm-go/mock/context/meteringContextMock.go:154.63,155.18 1 0
github.com/multiversx/mx-chain-vm-go/mock/context/meteringContextMock.go:155.18,157.3 1 0
github.com/multiversx/mx-chain-vm-go/mock/context/meteringContextMock.go:158.2,158.24 1 0
github.com/multiversx/mx-chain-vm-go/mock/context/meteringContextMock.go:158.24,160.3 1 0
github.com/multiversx/mx-chain-vm-go/mock/context/meteringContextMock.go:161.2,162.12 2 0
github.com/multiversx/mx-chain-vm-go/mock/context/meteringContextMock.go:166.59,166.60 0 0
github.com/multiversx/mx-chain-vm-go/mock/context/meteringContextMock.go:169.58,171.2 1 0
github.com/multiversx/mx-chain-vm-go/mock/context/meteringContextMock.go:174.55,174.56 0 0
github.com/multiversx/mx-chain-vm-go/mock/context/meteringContextMock.go:177.53,179.2 1 0
github.com/multiversx/mx-chain-vm-go/mock/context/meteringContextMock.go:182.54,184.2 1 0
github.com/multiversx/mx-chain-vm-go/mock/context/meteringContextMock.go:187.76,189.2 1 0
github.com/multiversx/mx-chain-vm-go/mock/context/meteringContextMock.go:192.99,194.2 1 0
github.com/multiversx/mx-chain-vm-go/mock/context/meteringContextMock.go:197.101,199.2 1 0
github.com/multiversx/mx-chain-vm-go/mock/context/meteringContextMock.go:202.51,202.52 0 0
github.com/multiversx/mx-chain-vm-go/mock/context/meteringContextMock.go:205.52,205.53 0 0
github.com/multiversx/mx-chain-vm-go/mock/context/meteringContextMock.go:208.58,208.59 0 0
github.com/multiversx/mx-chain-vm-go/mock/context/meteringContextMock.go:211.54,211.55 0 0
github.com/multiversx/mx-chain-vm-go/mock/context/meteringContextMock.go:214.76,216.2 1 0
github.com/multiversx/mx-chain-vm-go/mock/context/outputContextMock.go:34.69,35.2 0 0
github.com/multiversx/mx-chain-vm-go/mock/context/outputContextMock.go:38.42,39.2 0 0
github.com/multiversx/mx-chain-vm-go/mock/context/outputContextMock.go:42.88,50.2 1 0
github.com/multiversx/mx-chain-vm-go/mock/context/outputContextMock.go:53.115,61.2 1 0
github.com/multiversx/mx-chain-vm-go/mock/context/outputContextMock.go:64.42,65.2 0 0
github.com/multiversx/mx-chain-vm-go/mock/context/outputContextMock.go:68.50,69.2 0 0
github.com/multiversx/mx-chain-vm-go/mock/context/outputContextMock.go:72.52,73.2 0 0
github.com/multiversx/mx-chain-vm-go/mock/context/outputContextMock.go:76.43,77.2 0 0
github.com/multiversx/mx-chain-vm-go/mock/context/outputContextMock.go:80.48,81.2 0 0
github.com/multiversx/mx-chain-vm-go/mock/context/outputContextMock.go:84.60,85.2 0 0
github.com/multiversx/mx-chain-vm-go/mock/context/outputContextMock.go:88.47,89.2 0 0
github.com/multiversx/mx-chain-vm-go/mock/context/outputContextMock.go:92.84,94.2 1 0
github.com/multiversx/mx-chain-vm-go/mock/context/outputContextMock.go:97.88,99.2 1 0
github.com/multiversx/mx-chain-vm-go/mock/context/outputContextMock.go:102.60,103.2 0 0
github.com/multiversx/mx-chain-vm-go/mock/context/outputContextMock.go:106.48,108.2 1 0
github.com/multiversx/mx-chain-vm-go/mock/context/outputContextMock.go:111.54,113.2 1 0
github.com/multiversx/mx-chain-vm-go/mock/context/outputContextMock.go:116.51,118.2 1 0
github.com/multiversx/mx-chain-vm-go/mock/context/outputContextMock.go:121.62,123.2 1 0
github.com/multiversx/mx-chain-vm-go/mock/context/outputContextMock.go:126.75,128.2 1 0
github.com/multiversx/mx-chain-vm-go/mock/context/outputContextMock.go:131.52,133.2 1 0
github.com/multiversx/mx-chain-vm-go/mock/context/outputContextMock.go:136.68,138.2 1 0
github.com/multiversx/mx-chain-vm-go/mock/context/outputContextMock.go:141.47,143.2 1 0
github.com/multiversx/mx-chain-vm-go/mock/context/outputContextMock.go:146.57,147.2 0 0
github.com/multiversx/mx-chain-vm-go/mock/context/outputContextMock.go:150.49,152.2 1 0
github.com/multiversx/mx-chain-vm-go/mock/context/outputContextMock.go:155.56,157.2 1 0
github.com/multiversx/mx-chain-vm-go/mock/context/outputContextMock.go:160.53,161.31 1 0
github.com/multiversx/mx-chain-vm-go/mock/context/outputContextMock.go:161.31,163.3 1 0
github.com/multiversx/mx-chain-vm-go/mock/context/outputContextMock.go:167.73,167.74 0 0
github.com/multiversx/mx-chain-vm-go/mock/context/outputContextMock.go:170.97,171.2 0 0
github.com/multiversx/mx-chain-vm-go/mock/context/outputContextMock.go:174.93,176.2 1 0
github.com/multiversx/mx-chain-vm-go/mock/context/outputContextMock.go:179.131,181.2 1 0
github.com/multiversx/mx-chain-vm-go/mock/context/outputContextMock.go:184.118,186.2 1 0
github.com/multiversx/mx-chain-vm-go/mock/context/outputContextMock.go:189.72,190.2 0 0
github.com/multiversx/mx-chain-vm-go/mock/context/outputContextMock.go:193.62,195.2 1 0
github.com/multiversx/mx-chain-vm-go/mock/context/outputContextMock.go:198.56,199.2 0 0
github.com/multiversx/mx-chain-vm-go/mock/context/outputContextMock.go:202.67,203.2 0 0
github.com/multiversx/mx-chain-vm-go/mock/context/outputContextMock.go:206.85,208.2 1 0
github.com/multiversx/mx-chain-vm-go/mock/context/outputContextMock.go:211.69,213.2 1 0
github.com/multiversx/mx-chain-vm-go/mock/context/outputContextMock.go:216.62,219.2 2 0
github.com/multiversx/mx-chain-vm-go/mock/context/outputContextMock.go:222.58,224.2 1 0
github.com/multiversx/mx-chain-vm-go/mock/context/outputContextMock.go:227.63,229.2 1 0
github.com/multiversx/mx-chain-vm-go/mock/context/outputContextMock.go:232.51,234.2 1 0
github.com/multiversx/mx-chain-vm-go/mock/context/outputContextStub.go:56.75,57.37 1 0
github.com/multiversx/mx-chain-vm-go/mock/context/outputContextStub.go:57.37,59.3 1 0
github.com/multiversx/mx-chain-vm-go/mock/context/outputContextStub.go:63.41,64.30 1 0
github.com/multiversx/mx-chain-vm-go/mock/context/outputContextStub.go:64.30,66.3 1 0
github.com/multiversx/mx-chain-vm-go/mock/context/outputContextStub.go:70.41,71.30 1 0
github.com/multiversx/mx-chain-vm-go/mock/context/outputContextStub.go:71.30,73.3 1 0
github.com/multiversx/mx-chain-vm-go/mock/context/outputContextStub.go:77.49,78.38 1 0
github.com/multiversx/mx-chain-vm-go/mock/context/outputContextStub.go:78.38,80.3 1 0
github.com/multiversx/mx-chain-vm-go/mock/context/outputContextStub.go:84.51,85.40 1 0
github.com/multiversx/mx-chain-vm-go/mock/context/outputContextStub.go:85.40,87.3 1 0
github.com/multiversx/mx-chain-vm-go/mock/context/outputContextStub.go:91.42,92.31 1 0
github.com/multiversx/mx-chain-vm-go/mock/context/outputContextStub.go:92.31,94.3 1 0
github.com/multiversx/mx-chain-vm-go/mock/context/outputContextStub.go:98.47,99.36 1 0
github.com/multiversx/mx-chain-vm-go/mock/context/outputContextStub.go:99.36,101.3 1 0
github.com/multiversx/mx-chain-vm-go/mock/context/outputContextStub.go:105.59,106.48 1 0
github.com/multiversx/mx-chain-vm-go/mock/context/outputContextStub.go:106.48,108.3 1 0
github.com/multiversx/mx-chain-vm-go/mock/context/outputContextStub.go:112.46,113.35 1 0
github.com/multiversx/mx-chain-vm-go/mock/context/outputContextStub.go:113.35,115.3 1 0
github.com/multiversx/mx-chain-vm-go/mock/context/outputContextStub.go:119.84,120.38 1 0
github.com/multiversx/mx-chain-vm-go/mock/context/outputContextStub.go:120.38,122.3 1 0
github.com/multiversx/mx-chain-vm-go/mock/context/outputContextStub.go:123.2,123.12 1 0
github.com/multiversx/mx-chain-vm-go/mock/context/outputContextStub.go:127.94,128.37 1 0
github.com/multiversx/mx-chain-vm-go/mock/context/outputContextStub.go:128.37,130.3 1 0
github.com/multiversx/mx-chain-vm-go/mock/context/outputContextStub.go:131.2,131.19 1 0
github.com/multiversx/mx-chain-vm-go/mock/context/outputContextStub.go:135.65,136.40 1 0
github.com/multiversx/mx-chain-vm-go/mock/context/outputContextStub.go:136.40,138.3 1 0
github.com/multiversx/mx-chain-vm-go/mock/context/outputContextStub.go:142.86,143.29 1 0
github.com/multiversx/mx-chain-vm-go/mock/context/outputContextStub.go:143.29,145.3 1 0
github.com/multiversx/mx-chain-vm-go/mock/context/outputContextStub.go:149.119,150.43 1 0
github.com/multiversx/mx-chain-vm-go/mock/context/outputContextStub.go:150.43,152.3 1 0
github.com/multiversx/mx-chain-vm-go/mock/context/outputContextStub.go:156.123,157.38 1 0
github.com/multiversx/mx-chain-vm-go/mock/context/outputContextStub.go:157.38,159.3 1 0
github.com/multiversx/mx-chain-vm-go/mock/context/outputContextStub.go:161.2,161.12 1 0
github.com/multiversx/mx-chain-vm-go/mock/context/outputContextStub.go:165.177,166.29 1 0
github.com/multiversx/mx-chain-vm-go/mock/context/outputContextStub.go:166.29,168.3 1 0
github.com/multiversx/mx-chain-vm-go/mock/context/outputContextStub.go:170.2,170.12 1 0
github.com/multiversx/mx-chain-vm-go/mock/context/outputContextStub.go:174.138,175.33 1 0
github.com/multiversx/mx-chain-vm-go/mock/context/outputContextStub.go:175.33,177.3 1 0
github.com/multiversx/mx-chain-vm-go/mock/context/outputContextStub.go:178.2,178.15 1 0
github.com/multiversx/mx-chain-vm-go/mock/context/outputContextStub.go:182.48,183.30 1 0
github.com/multiversx/mx-chain-vm-go/mock/context/outputContextStub.go:183.30,185.3 1 0
github.com/multiversx/mx-chain-vm-go/mock/context/outputContextStub.go:186.2,186.10 1 0
github.com/multiversx/mx-chain-vm-go/mock/context/outputContextStub.go:190.54,191.30 1 0
github.com/multiversx/mx-chain-vm-go/mock/context/outputContextStub.go:191.30,193.3 1 0
github.com/multiversx/mx-chain-vm-go/mock/context/outputContextStub.go:197.62,198.31 1 0
github.com/multiversx/mx-chain-vm-go/mock/context/outputContextStub.go:198.31,200.3 1 0
github.com/multiversx/mx-chain-vm-go/mock/context/outputContextStub.go:201.2,201.20 1 0
github.com/multiversx/mx-chain-vm-go/mock/context/outputContextStub.go:205.75,206.34 1 0
github.com/multiversx/mx-chain-vm-go/mock/context/outputContextStub.go:206.34,208.3 1 0
github.com/multiversx/mx-chain-vm-go/mock/context/outputContextStub.go:212.52,213.34 1 0
github.com/multiversx/mx-chain-vm-go/mock/context/outputContextStub.go:213.34,215.3 1 0
github.com/multiversx/mx-chain-vm-go/mock/context/outputContextStub.go:216.2,216.11 1 0
github.com/multiversx/mx-chain-vm-go/mock/context/outputContextStub.go:220.62,221.37 1 0
github.com/multiversx/mx-chain-vm-go/mock/context/outputContextStub.go:221.37,223.3 1 0
github.com/multiversx/mx-chain-vm-go/mock/context/outputContextStub.go:227.51,228.31 1 0
github.com/multiversx/mx-chain-vm-go/mock/context/outputContextStub.go:228.31,230.3 1 0
github.com/multiversx/mx-chain-vm-go/mock/context/outputContextStub.go:231.2,231.19 1 0
github.com/multiversx/mx-chain-vm-go/mock/context/outputContextStub.go:235.47,236.36 1 0
github.com/multiversx/mx-chain-vm-go/mock/context/outputContextStub.go:236.36,238.3 1 0
github.com/multiversx/mx-chain-vm-go/mock/context/outputContextStub.go:242.60,243.37 1 0
github.com/multiversx/mx-chain-vm-go/mock/context/outputContextStub.go:243.37,245.3 1 0
github.com/multiversx/mx-chain-vm-go/mock/context/outputContextStub.go:249.49,250.27 1 0
github.com/multiversx/mx-chain-vm-go/mock/context/outputContextStub.go:250.27,252.3 1 0
github.com/multiversx/mx-chain-vm-go/mock/context/outputContextStub.go:256.56,257.34 1 0
github.com/multiversx/mx-chain-vm-go/mock/context/outputContextStub.go:257.34,259.3 1 0
github.com/multiversx/mx-chain-vm-go/mock/context/outputContextStub.go:263.53,264.42 1 0
github.com/multiversx/mx-chain-vm-go/mock/context/outputContextStub.go:264.42,266.3 1 0
github.com/multiversx/mx-chain-vm-go/mock/context/outputContextStub.go:270.62,271.32 1 0
github.com/multiversx/mx-chain-vm-go/mock/context/outputContextStub.go:271.32,273.3 1 0
github.com/multiversx/mx-chain-vm-go/mock/context/outputContextStub.go:274.2,274.12 1 0
github.com/multiversx/mx-chain-vm-go/mock/context/outputContextStub.go:278.55,279.44 1 0
github.com/multiversx/mx-chain-vm-go/mock/context/outputContextStub.go:279.44,281.3 1 0
github.com/multiversx/mx-chain-vm-go/mock/context/outputContextStub.go:285.81,286.40 1 0
github.com/multiversx/mx-chain-vm-go/mock/context/outputContextStub.go:286.40,288.3 1 0
github.com/multiversx/mx-chain-vm-go/mock/context/outputContextStub.go:292.70,293.31 1 0
github.com/multiversx/mx-chain-vm-go/mock/context/outputContextStub.go:293.31,295.3 1 0
github.com/multiversx/mx-chain-vm-go/mock/context/outputContextStub.go:299.87,300.48 1 0
github.com/multiversx/mx-chain-vm-go/mock/context/outputContextStub.go:300.48,302.3 1 0
github.com/multiversx/mx-chain-vm-go/mock/context/outputContextStub.go:303.2,303.12 1 0
github.com/multiversx/mx-chain-vm-go/mock/context/outputContextStub.go:307.62,308.44 1 0
github.com/multiversx/mx-chain-vm-go/mock/context/outputContextStub.go:308.44,310.3 1 0
github.com/multiversx/mx-chain-vm-go/mock/context/outputContextStub.go:311.2,311.10 1 0
github.com/multiversx/mx-chain-vm-go/mock/context/outputContextStub.go:315.58,316.40 1 0
github.com/multiversx/mx-chain-vm-go/mock/context/outputContextStub.go:316.40,318.3 1 0
github.com/multiversx/mx-chain-vm-go/mock/context/outputContextStub.go:319.2,319.10 1 0
github.com/multiversx/mx-chain-vm-go/mock/context/outputContextStub.go:323.63,324.40 1 0
github.com/multiversx/mx-chain-vm-go/mock/context/outputContextStub.go:324.40,326.3 1 0
github.com/multiversx/mx-chain-vm-go/mock/context/outputContextStub.go:330.51,331.35 1 0
[...]
github.com/multiversx/mx-chain-vm-go/wasmer2/wasmer2ImportsCgo.go:1177.90,1180.2 2 0
github.com/multiversx/mx-chain-vm-go/wasmer2/wasmer2ImportsCgo.go:1183.101,1186.2 2 0
github.com/multiversx/mx-chain-vm-go/wasmer2/wasmer2ImportsCgo.go:1189.112,1192.2 2 0
github.com/multiversx/mx-chain-vm-go/wasmer2/wasmer2ImportsCgo.go:1195.129,1198.2 2 0
github.com/multiversx/mx-chain-vm-go/wasmer2/wasmer2ImportsCgo.go:1201.277,1204.2 2 0
github.com/multiversx/mx-chain-vm-go/wasmer2/wasmer2ImportsCgo.go:1207.130,1210.2 2 0
github.com/multiversx/mx-chain-vm-go/wasmer2/wasmer2ImportsCgo.go:1213.132,1216.2 2 0
github.com/multiversx/mx-chain-vm-go/wasmer2/wasmer2ImportsCgo.go:1219.291,1222.2 2 0
github.com/multiversx/mx-chain-vm-go/wasmer2/wasmer2ImportsCgo.go:1225.88,1228.2 2 0
github.com/multiversx/mx-chain-vm-go/wasmer2/wasmer2ImportsCgo.go:1231.204,1234.2 2 0
github.com/multiversx/mx-chain-vm-go/wasmer2/wasmer2ImportsCgo.go:1237.191,1240.2 2 0
github.com/multiversx/mx-chain-vm-go/wasmer2/wasmer2ImportsCgo.go:1243.112,1246.2 2 0
github.com/multiversx/mx-chain-vm-go/wasmer2/wasmer2ImportsCgo.go:1249.218,1252.2 2 0
github.com/multiversx/mx-chain-vm-go/wasmer2/wasmer2ImportsCgo.go:1255.205,1258.2 2 0
github.com/multiversx/mx-chain-vm-go/wasmer2/wasmer2ImportsCgo.go:1261.159,1264.2 2 0
github.com/multiversx/mx-chain-vm-go/wasmer2/wasmer2ImportsCgo.go:1267.183,1270.2 2 0
github.com/multiversx/mx-chain-vm-go/wasmer2/wasmer2ImportsCgo.go:1273.183,1276.2 2 0
github.com/multiversx/mx-chain-vm-go/wasmer2/wasmer2ImportsCgo.go:1279.198,1282.2 2 0
github.com/multiversx/mx-chain-vm-go/wasmer2/wasmer2ImportsCgo.go:1285.180,1288.2 2 0
github.com/multiversx/mx-chain-vm-go/wasmer2/wasmer2ImportsCgo.go:1291.190,1294.2 2 0
github.com/multiversx/mx-chain-vm-go/wasmer2/wasmer2ImportsCgo.go:1297.204,1300.2 2 0
github.com/multiversx/mx-chain-vm-go/wasmer2/wasmer2ImportsCgo.go:1303.164,1306.2 2 0
github.com/multiversx/mx-chain-vm-go/wasmer2/wasmer2ImportsCgo.go:1309.114,1312.2 2 0
github.com/multiversx/mx-chain-vm-go/wasmer2/wasmer2ImportsCgo.go:1315.89,1318.2 2 0
github.com/multiversx/mx-chain-vm-go/wasmer2/wasmer2ImportsCgo.go:1321.80,1324.2 2 0
github.com/multiversx/mx-chain-vm-go/wasmer2/wasmer2ImportsCgo.go:1327.90,1330.2 2 0
github.com/multiversx/mx-chain-vm-go/wasmer2/wasmer2ImportsCgo.go:1333.99,1336.2 2 0
github.com/multiversx/mx-chain-vm-go/wasmer2/wasmer2ImportsCgo.go:1339.95,1342.2 2 0
github.com/multiversx/mx-chain-vm-go/wasmer2/wasmer2ImportsCgo.go:1345.90,1348.2 2 0
github.com/multiversx/mx-chain-vm-go/wasmer2/wasmer2ImportsCgo.go:1351.118,1354.2 2 0
github.com/multiversx/mx-chain-vm-go/wasmer2/wasmer2ImportsCgo.go:1357.95,1360.2 2 0
github.com/multiversx/mx-chain-vm-go/wasmer2/wasmer2ImportsCgo.go:1363.93,1366.2 2 0
github.com/multiversx/mx-chain-vm-go/wasmer2/wasmer2ImportsCgo.go:1369.104,1372.2 2 0
github.com/multiversx/mx-chain-vm-go/wasmer2/wasmer2ImportsCgo.go:1375.104,1378.2 2 0
github.com/multiversx/mx-chain-vm-go/wasmer2/wasmer2ImportsCgo.go:1381.104,1384.2 2 0
github.com/multiversx/mx-chain-vm-go/wasmer2/wasmer2ImportsCgo.go:1387.104,1390.2 2 0
github.com/multiversx/mx-chain-vm-go/wasmer2/wasmer2ImportsCgo.go:1393.86,1396.2 2 0
github.com/multiversx/mx-chain-vm-go/wasmer2/wasmer2ImportsCgo.go:1399.88,1402.2 2 0
github.com/multiversx/mx-chain-vm-go/wasmer2/wasmer2ImportsCgo.go:1405.85,1408.2 2 0
github.com/multiversx/mx-chain-vm-go/wasmer2/wasmer2ImportsCgo.go:1411.86,1414.2 2 0
github.com/multiversx/mx-chain-vm-go/wasmer2/wasmer2ImportsCgo.go:1417.68,1420.2 2 0
github.com/multiversx/mx-chain-vm-go/wasmer2/wasmer2ImportsCgo.go:1423.87,1426.2 2 0
github.com/multiversx/mx-chain-vm-go/wasmer2/wasmer2ImportsCgo.go:1429.102,1432.2 2 0
github.com/multiversx/mx-chain-vm-go/wasmer2/wasmer2ImportsCgo.go:1435.87,1438.2 2 0
github.com/multiversx/mx-chain-vm-go/wasmer2/wasmer2ImportsCgo.go:1441.86,1444.2 2 0
github.com/multiversx/mx-chain-vm-go/wasmer2/wasmer2ImportsCgo.go:1447.90,1450.2 2 0
github.com/multiversx/mx-chain-vm-go/wasmer2/wasmer2ImportsCgo.go:1453.88,1456.2 2 0
github.com/multiversx/mx-chain-vm-go/wasmer2/wasmer2ImportsCgo.go:1459.69,1462.2 2 0
github.com/multiversx/mx-chain-vm-go/wasmer2/wasmer2ImportsCgo.go:1465.96,1468.2 2 0
github.com/multiversx/mx-chain-vm-go/wasmer2/wasmer2ImportsCgo.go:1471.77,1474.2 2 0
github.com/multiversx/mx-chain-vm-go/wasmer2/wasmer2ImportsCgo.go:1477.76,1480.2 2 0
github.com/multiversx/mx-chain-vm-go/wasmer2/wasmer2ImportsCgo.go:1483.94,1486.2 2 0
github.com/multiversx/mx-chain-vm-go/wasmer2/wasmer2ImportsCgo.go:1489.92,1492.2 2 0
github.com/multiversx/mx-chain-vm-go/wasmer2/wasmer2ImportsCgo.go:1495.120,1498.2 2 0
github.com/multiversx/mx-chain-vm-go/wasmer2/wasmer2ImportsCgo.go:1501.124,1504.2 2 0
github.com/multiversx/mx-chain-vm-go/wasmer2/wasmer2ImportsCgo.go:1507.77,1510.2 2 0
github.com/multiversx/mx-chain-vm-go/wasmer2/wasmer2ImportsCgo.go:1513.75,1516.2 2 0
github.com/multiversx/mx-chain-vm-go/wasmer2/wasmer2ImportsCgo.go:1519.101,1522.2 2 0
github.com/multiversx/mx-chain-vm-go/wasmer2/wasmer2ImportsCgo.go:1525.93,1528.2 2 0
github.com/multiversx/mx-chain-vm-go/wasmer2/wasmer2ImportsCgo.go:1531.155,1534.2 2 0
github.com/multiversx/mx-chain-vm-go/wasmer2/wasmer2ImportsCgo.go:1537.67,1540.2 2 0
github.com/multiversx/mx-chain-vm-go/wasmer2/wasmer2ImportsCgo.go:1543.87,1546.2 2 0
github.com/multiversx/mx-chain-vm-go/wasmer2/wasmer2ImportsCgo.go:1549.85,1552.2 2 0
github.com/multiversx/mx-chain-vm-go/wasmer2/wasmer2ImportsCgo.go:1555.103,1558.2 2 0
github.com/multiversx/mx-chain-vm-go/wasmer2/wasmer2ImportsCgo.go:1561.101,1564.2 2 0
github.com/multiversx/mx-chain-vm-go/wasmer2/wasmer2ImportsCgo.go:1567.117,1570.2 2 0
github.com/multiversx/mx-chain-vm-go/wasmer2/wasmer2ImportsCgo.go:1573.115,1576.2 2 0
github.com/multiversx/mx-chain-vm-go/wasmer2/wasmer2ImportsCgo.go:1579.78,1582.2 2 0
github.com/multiversx/mx-chain-vm-go/wasmer2/wasmer2ImportsCgo.go:1585.79,1588.2 2 0
github.com/multiversx/mx-chain-vm-go/wasmer2/wasmer2ImportsCgo.go:1591.86,1594.2 2 0
github.com/multiversx/mx-chain-vm-go/wasmer2/wasmer2ImportsCgo.go:1597.102,1600.2 2 0
github.com/multiversx/mx-chain-vm-go/wasmer2/wasmer2ImportsCgo.go:1603.102,1606.2 2 0
github.com/multiversx/mx-chain-vm-go/wasmer2/wasmer2ImportsCgo.go:1609.102,1612.2 2 0
github.com/multiversx/mx-chain-vm-go/wasmer2/wasmer2ImportsCgo.go:1615.103,1618.2 2 0
github.com/multiversx/mx-chain-vm-go/wasmer2/wasmer2ImportsCgo.go:1621.103,1624.2 2 0
github.com/multiversx/mx-chain-vm-go/wasmer2/wasmer2ImportsCgo.go:1627.103,1630.2 2 0
github.com/multiversx/mx-chain-vm-go/wasmer2/wasmer2ImportsCgo.go:1633.103,1636.2 2 0
github.com/multiversx/mx-chain-vm-go/wasmer2/wasmer2ImportsCgo.go:1639.85,1642.2 2 0
github.com/multiversx/mx-chain-vm-go/wasmer2/wasmer2ImportsCgo.go:1645.102,1648.2 2 0
github.com/multiversx/mx-chain-vm-go/wasmer2/wasmer2ImportsCgo.go:1651.67,1654.2 2 0
github.com/multiversx/mx-chain-vm-go/wasmer2/wasmer2ImportsCgo.go:1657.84,1660.2 2 0
github.com/multiversx/mx-chain-vm-go/wasmer2/wasmer2ImportsCgo.go:1663.84,1666.2 2 0
github.com/multiversx/mx-chain-vm-go/wasmer2/wasmer2ImportsCgo.go:1669.66,1672.2 2 0
github.com/multiversx/mx-chain-vm-go/wasmer2/wasmer2ImportsCgo.go:1675.83,1678.2 2 0
github.com/multiversx/mx-chain-vm-go/wasmer2/wasmer2ImportsCgo.go:1681.84,1684.2 2 0
github.com/multiversx/mx-chain-vm-go/wasmer2/wasmer2ImportsCgo.go:1687.102,1690.2 2 0
github.com/multiversx/mx-chain-vm-go/wasmer2/wasmer2ImportsCgo.go:1693.101,1696.2 2 0
github.com/multiversx/mx-chain-vm-go/wasmer2/wasmer2ImportsCgo.go:1699.102,1702.2 2 0
github.com/multiversx/mx-chain-vm-go/wasmer2/wasmer2ImportsCgo.go:1705.96,1708.2 2 0
github.com/multiversx/mx-chain-vm-go/wasmer2/wasmer2ImportsCgo.go:1711.96,1714.2 2 0
github.com/multiversx/mx-chain-vm-go/wasmer2/wasmer2ImportsCgo.go:1717.77,1720.2 2 0
github.com/multiversx/mx-chain-vm-go/wasmer2/wasmer2ImportsCgo.go:1723.75,1726.2 2 0
github.com/multiversx/mx-chain-vm-go/wasmer2/wasmer2ImportsCgo.go:1729.93,1732.2 2 0
github.com/multiversx/mx-chain-vm-go/wasmer2/wasmer2ImportsCgo.go:1735.50,1738.2 2 0
github.com/multiversx/mx-chain-vm-go/wasmer2/wasmer2ImportsCgo.go:1741.95,1744.2 2 0
github.com/multiversx/mx-chain-vm-go/wasmer2/wasmer2ImportsCgo.go:1747.77,1750.2 2 0
github.com/multiversx/mx-chain-vm-go/wasmer2/wasmer2ImportsCgo.go:1753.96,1756.2 2 0
github.com/multiversx/mx-chain-vm-go/wasmer2/wasmer2ImportsCgo.go:1759.142,1762.2 2 0
github.com/multiversx/mx-chain-vm-go/wasmer2/wasmer2ImportsCgo.go:1765.148,1768.2 2 0
github.com/multiversx/mx-chain-vm-go/wasmer2/wasmer2ImportsCgo.go:1771.93,1774.2 2 0
github.com/multiversx/mx-chain-vm-go/wasmer2/wasmer2ImportsCgo.go:1777.112,1780.2 2 0
github.com/multiversx/mx-chain-vm-go/wasmer2/wasmer2ImportsCgo.go:1783.140,1786.2 2 0
github.com/multiversx/mx-chain-vm-go/wasmer2/wasmer2ImportsCgo.go:1789.96,1792.2 2 0
github.com/multiversx/mx-chain-vm-go/wasmer2/wasmer2ImportsCgo.go:1795.119,1798.2 2 0
github.com/multiversx/mx-chain-vm-go/wasmer2/wasmer2ImportsCgo.go:1801.104,1804.2 2 0
github.com/multiversx/mx-chain-vm-go/wasmer2/wasmer2ImportsCgo.go:1807.102,1810.2 2 0
github.com/multiversx/mx-chain-vm-go/wasmer2/wasmer2ImportsCgo.go:1813.106,1816.2 2 0
github.com/multiversx/mx-chain-vm-go/wasmer2/wasmer2ImportsCgo.go:1819.104,1822.2 2 0
github.com/multiversx/mx-chain-vm-go/wasmer2/wasmer2ImportsCgo.go:1825.86,1828.2 2 0
github.com/multiversx/mx-chain-vm-go/wasmer2/wasmer2ImportsCgo.go:1831.84,1834.2 2 0
github.com/multiversx/mx-chain-vm-go/wasmer2/wasmer2ImportsCgo.go:1837.95,1840.2 2 0
github.com/multiversx/mx-chain-vm-go/wasmer2/wasmer2ImportsCgo.go:1843.93,1846.2 2 0
github.com/multiversx/mx-chain-vm-go/wasmer2/wasmer2ImportsCgo.go:1849.100,1852.2 2 0
github.com/multiversx/mx-chain-vm-go/wasmer2/wasmer2ImportsCgo.go:1855.102,1858.2 2 0
github.com/multiversx/mx-chain-vm-go/wasmer2/wasmer2ImportsCgo.go:1861.96,1864.2 2 0
github.com/multiversx/mx-chain-vm-go/wasmer2/wasmer2ImportsCgo.go:1867.100,1870.2 2 0
github.com/multiversx/mx-chain-vm-go/wasmer2/wasmer2ImportsCgo.go:1873.126,1876.2 2 0
github.com/multiversx/mx-chain-vm-go/wasmer2/wasmer2ImportsCgo.go:1879.93,1882.2 2 0
github.com/multiversx/mx-chain-vm-go/wasmer2/wasmer2ImportsCgo.go:1885.73,1888.2 2 0
github.com/multiversx/mx-chain-vm-go/wasmer2/wasmer2ImportsCgo.go:1891.95,1894.2 2 0
github.com/multiversx/mx-chain-vm-go/wasmer2/wasmer2ImportsCgo.go:1897.53,1900.2 2 0
github.com/multiversx/mx-chain-vm-go/wasmer2/wasmer2ImportsCgo.go:1903.107,1906.2 2 0
github.com/multiversx/mx-chain-vm-go/wasmer2/wasmer2ImportsCgo.go:1909.110,1912.2 2 0
github.com/multiversx/mx-chain-vm-go/wasmer2/wasmer2ImportsCgo.go:1915.113,1918.2 2 0
github.com/multiversx/mx-chain-vm-go/wasmer2/wasmer2ImportsCgo.go:1921.93,1924.2 2 0
github.com/multiversx/mx-chain-vm-go/wasmer2/wasmer2ImportsCgo.go:1927.77,1930.2 2 0
github.com/multiversx/mx-chain-vm-go/wasmer2/wasmer2ImportsCgo.go:1933.75,1936.2 2 0
github.com/multiversx/mx-chain-vm-go/wasmer2/wasmer2ImportsCgo.go:1939.69,1942.2 2 0
github.com/multiversx/mx-chain-vm-go/wasmer2/wasmer2ImportsCgo.go:1945.67,1948.2 2 0
github.com/multiversx/mx-chain-vm-go/wasmer2/wasmer2ImportsCgo.go:1951.115,1954.2 2 0
github.com/multiversx/mx-chain-vm-go/wasmer2/wasmer2ImportsCgo.go:1957.113,1960.2 2 0
github.com/multiversx/mx-chain-vm-go/wasmer2/wasmer2ImportsCgo.go:1963.101,1966.2 2 0
github.com/multiversx/mx-chain-vm-go/wasmer2/wasmer2ImportsCgo.go:1969.99,1972.2 2 0
github.com/multiversx/mx-chain-vm-go/wasmer2/wasmer2ImportsCgo.go:1975.66,1978.2 2 0
github.com/multiversx/mx-chain-vm-go/wasmer2/wasmer2ImportsCgo.go:1981.58,1984.2 2 0
github.com/multiversx/mx-chain-vm-go/wasmer2/wasmer2ImportsCgo.go:1987.104,1990.2 2 0
github.com/multiversx/mx-chain-vm-go/wasmer2/wasmer2ImportsCgo.go:1993.90,1996.2 2 0
github.com/multiversx/mx-chain-vm-go/wasmer2/wasmer2ImportsCgo.go:1999.98,2002.2 2 0
github.com/multiversx/mx-chain-vm-go/wasmer2/wasmer2ImportsCgo.go:2005.92,2008.2 2 0
github.com/multiversx/mx-chain-vm-go/wasmer2/wasmer2ImportsCgo.go:2011.101,2014.2 2 0
github.com/multiversx/mx-chain-vm-go/wasmer2/wasmer2ImportsCgo.go:2017.95,2020.2 2 0
github.com/multiversx/mx-chain-vm-go/wasmer2/wasmer2ImportsCgo.go:2023.101,2026.2 2 0
github.com/multiversx/mx-chain-vm-go/wasmer2/wasmer2ImportsCgo.go:2029.95,2032.2 2 0
github.com/multiversx/mx-chain-vm-go/wasmer2/wasmer2ImportsCgo.go:2035.125,2038.2 2 0
github.com/multiversx/mx-chain-vm-go/wasmer2/wasmer2ImportsCgo.go:2041.111,2044.2 2 0
github.com/multiversx/mx-chain-vm-go/wasmer2/wasmer2ImportsCgo.go:2047.129,2050.2 2 0
github.com/multiversx/mx-chain-vm-go/wasmer2/wasmer2ImportsCgo.go:2053.115,2056.2 2 0
github.com/multiversx/mx-chain-vm-go/wasmer2/wasmer2ImportsCgo.go:2059.170,2062.2 2 0
github.com/multiversx/mx-chain-vm-go/wasmer2/wasmer2ImportsCgo.go:2065.139,2068.2 2 0
github.com/multiversx/mx-chain-vm-go/wasmer2/wasmer2ImportsCgo.go:2071.148,2074.2 2 0
github.com/multiversx/mx-chain-vm-go/wasmer2/wasmer2ImportsCgo.go:2077.117,2080.2 2 0
github.com/multiversx/mx-chain-vm-go/wasmer2/wasmer2ImportsCgo.go:2083.144,2086.2 2 0
github.com/multiversx/mx-chain-vm-go/wasmer2/wasmer2ImportsCgo.go:2089.121,2092.2 2 0
github.com/multiversx/mx-chain-vm-go/wasmer2/wasmer2ImportsCgo.go:2095.189,2098.2 2 0
github.com/multiversx/mx-chain-vm-go/wasmer2/wasmer2ImportsCgo.go:2101.140,2104.2 2 0
github.com/multiversx/mx-chain-vm-go/wasmer2/wasmer2ImportsCgo.go:2107.107,2110.2 2 0
github.com/multiversx/mx-chain-vm-go/wasmer2/wasmer2ImportsCgo.go:2113.146,2116.2 2 0
github.com/multiversx/mx-chain-vm-go/wasmer2/wasmer2ImportsCgo.go:2119.139,2122.2 2 0
github.com/multiversx/mx-chain-vm-go/wasmer2/wasmer2ImportsCgo.go:2125.182,2128.2 2 0
github.com/multiversx/mx-chain-vm-go/wasmer2/wasmer2ImportsCgo.go:2131.175,2134.2 2 0
github.com/multiversx/mx-chain-vm-go/wasmer2/wasmer2ImportsCgo.go:2137.123,2140.2 2 0
github.com/multiversx/mx-chain-vm-go/wasmer2/wasmer2ImportsCgo.go:2143.130,2146.2 2 0
github.com/multiversx/mx-chain-vm-go/wasmer2/wasmer2ImportsCgo.go:2149.133,2152.2 2 0
github.com/multiversx/mx-chain-vm-go/wasmer2/wasmer2ImportsCgo.go:2155.140,2158.2 2 0
github.com/multiversx/mx-chain-vm-go/wasmer2/wasmer2ImportsCgo.go:2161.141,2164.2 2 0
github.com/multiversx/mx-chain-vm-go/wasmer2/wasmer2ImportsCgo.go:2167.134,2170.2 2 0
github.com/multiversx/mx-chain-vm-go/wasmer2/wasmer2ImportsCgo.go:2173.151,2176.2 2 0
github.com/multiversx/mx-chain-vm-go/wasmer2/wasmer2ImportsCgo.go:2179.144,2182.2 2 0
github.com/multiversx/mx-chain-vm-go/wasmer2/wasmer2ImportsCgo.go:2185.131,2188.2 2 0
github.com/multiversx/mx-chain-vm-go/wasmer2/wasmer2ImportsCgo.go:2191.138,2194.2 2 0
github.com/multiversx/mx-chain-vm-go/wasmer2/wasmer2ImportsCgo.go:2197.84,2200.2 2 0
github.com/multiversx/mx-chain-vm-go/wasmer2/wasmer2ImportsCgo.go:2203.73,2206.2 2 0
github.com/multiversx/mx-chain-vm-go/wasmer2/wasmer2ImportsCgo.go:2209.72,2212.2 2 0
github.com/multiversx/mx-chain-vm-go/wasmer2/wasmer2ImportsCgo.go:2215.78,2218.2 2 0
github.com/multiversx/mx-chain-vm-go/wasmer2/wasmer2ImportsCgo.go:2221.202,2224.2 2 0
github.com/multiversx/mx-chain-vm-go/wasmer2/wasmer2ImportsCgo.go:2227.117,2230.2 2 0
github.com/multiversx/mx-chain-vm-go/wasmer2/wasmer2ImportsCgo.go:2233.125,2236.2 2 0
github.com/multiversx/mx-chain-vm-go/wasmer2/wasmer2ImportsCgo.go:2239.130,2242.2 2 0
github.com/multiversx/mx-chain-vm-go/wasmer2/wasmer2ImportsCgoHelper.go:9.81,13.2 3 0
github.com/multiversx/mx-chain-vm-go/wasmer2/wasmer2ImportsCgoHelper.go:15.52,17.2 1 0
github.com/multiversx/mx-chain-vm-go/wasmer2/wasmer2Instance.go:27.39,29.2 1 0
github.com/multiversx/mx-chain-vm-go/wasmer2/wasmer2Instance.go:31.74,38.2 1 0
github.com/multiversx/mx-chain-vm-go/wasmer2/wasmer2Instance.go:41.47,43.27 2 0
github.com/multiversx/mx-chain-vm-go/wasmer2/wasmer2Instance.go:43.27,46.3 2 0
github.com/multiversx/mx-chain-vm-go/wasmer2/wasmer2Instance.go:48.2,48.33 1 0
github.com/multiversx/mx-chain-vm-go/wasmer2/wasmer2Instance.go:48.33,55.3 4 0
github.com/multiversx/mx-chain-vm-go/wasmer2/wasmer2Instance.go:57.2,57.14 1 0
github.com/multiversx/mx-chain-vm-go/wasmer2/wasmer2Instance.go:61.58,63.2 1 0
github.com/multiversx/mx-chain-vm-go/wasmer2/wasmer2Instance.go:66.63,68.2 1 0
github.com/multiversx/mx-chain-vm-go/wasmer2/wasmer2Instance.go:71.63,73.2 1 0
github.com/multiversx/mx-chain-vm-go/wasmer2/wasmer2Instance.go:76.57,78.2 1 0
github.com/multiversx/mx-chain-vm-go/wasmer2/wasmer2Instance.go:81.67,83.2 1 0
github.com/multiversx/mx-chain-vm-go/wasmer2/wasmer2Instance.go:86.62,88.2 1 0
github.com/multiversx/mx-chain-vm-go/wasmer2/wasmer2Instance.go:91.58,101.30 4 0
github.com/multiversx/mx-chain-vm-go/wasmer2/wasmer2Instance.go:101.30,103.3 1 0
github.com/multiversx/mx-chain-vm-go/wasmer2/wasmer2Instance.go:105.2,109.21 4 0
github.com/multiversx/mx-chain-vm-go/wasmer2/wasmer2Instance.go:113.71,123.2 4 0
github.com/multiversx/mx-chain-vm-go/wasmer2/wasmer2Instance.go:126.74,135.29 4 0
github.com/multiversx/mx-chain-vm-go/wasmer2/wasmer2Instance.go:135.29,138.3 2 0
github.com/multiversx/mx-chain-vm-go/wasmer2/wasmer2Instance.go:140.2,140.12 1 0
github.com/multiversx/mx-chain-vm-go/wasmer2/wasmer2Instance.go:144.72,154.2 4 0
github.com/multiversx/mx-chain-vm-go/wasmer2/wasmer2Instance.go:157.75,160.23 2 0
github.com/multiversx/mx-chain-vm-go/wasmer2/wasmer2Instance.go:160.23,162.3 1 0
github.com/multiversx/mx-chain-vm-go/wasmer2/wasmer2Instance.go:164.2,169.18 4 0
github.com/multiversx/mx-chain-vm-go/wasmer2/wasmer2Instance.go:169.18,171.3 1 0
github.com/multiversx/mx-chain-vm-go/wasmer2/wasmer2Instance.go:173.2,173.38 1 0
github.com/multiversx/mx-chain-vm-go/wasmer2/wasmer2Instance.go:177.62,179.16 2 0
github.com/multiversx/mx-chain-vm-go/wasmer2/wasmer2Instance.go:179.16,181.3 1 0
github.com/multiversx/mx-chain-vm-go/wasmer2/wasmer2Instance.go:182.2,182.35 1 0
github.com/multiversx/mx-chain-vm-go/wasmer2/wasmer2Instance.go:187.66,189.25 2 0
github.com/multiversx/mx-chain-vm-go/wasmer2/wasmer2Instance.go:189.25,191.3 1 0
github.com/multiversx/mx-chain-vm-go/wasmer2/wasmer2Instance.go:192.2,192.12 1 0
github.com/multiversx/mx-chain-vm-go/wasmer2/wasmer2Instance.go:196.51,198.2 1 0
github.com/multiversx/mx-chain-vm-go/wasmer2/wasmer2Instance.go:201.109,203.2 1 0
github.com/multiversx/mx-chain-vm-go/wasmer2/wasmer2Instance.go:206.86,208.2 1 0
github.com/multiversx/mx-chain-vm-go/wasmer2/wasmer2Instance.go:211.53,213.2 1 0
github.com/multiversx/mx-chain-vm-go/wasmer2/wasmer2Instance.go:216.62,218.2 1 0
github.com/multiversx/mx-chain-vm-go/wasmer2/wasmer2Instance.go:221.51,223.2 1 0
github.com/multiversx/mx-chain-vm-go/wasmer2/wasmer2Instance.go:226.46,228.2 1 0
github.com/multiversx/mx-chain-vm-go/wasmer2/wasmer2Instance.go:231.47,232.27 1 0
github.com/multiversx/mx-chain-vm-go/wasmer2/wasmer2Instance.go:232.27,235.3 2 0
github.com/multiversx/mx-chain-vm-go/wasmer2/wasmer2Instance.go:237.2,241.11 4 0
github.com/multiversx/mx-chain-vm-go/wasmer2/wasmer2Instance.go:245.56,247.2 1 0
github.com/multiversx/mx-chain-vm-go/wasmer2/wasmer2Instance.go:250.69,251.2 0 0
github.com/multiversx/mx-chain-vm-go/wasmer2/wasmer2Instance.go:254.58,256.2 1 0
github.com/multiversx/mx-chain-vm-go/wasmer2/wasmer2InstanceMemory.go:20.46,22.2 1 0
github.com/multiversx/mx-chain-vm-go/wasmer2/wasmer2InstanceMemory.go:26.44,38.2 8 0
github.com/multiversx/mx-chain-vm-go/wasmer2/wasmer2InstanceMemory.go:41.63,44.29 2 0
github.com/multiversx/mx-chain-vm-go/wasmer2/wasmer2InstanceMemory.go:44.29,48.17 3 0
github.com/multiversx/mx-chain-vm-go/wasmer2/wasmer2InstanceMemory.go:48.17,50.4 1 0
github.com/multiversx/mx-chain-vm-go/wasmer2/wasmer2InstanceMemory.go:50.9,52.4 1 0
github.com/multiversx/mx-chain-vm-go/wasmer2/wasmer2InstanceMemory.go:54.3,54.59 1 0
github.com/multiversx/mx-chain-vm-go/wasmer2/wasmer2InstanceMemory.go:57.2,57.12 1 0
github.com/multiversx/mx-chain-vm-go/wasmer2/wasmer2InstanceMemory.go:61.41,62.2 0 0
github.com/multiversx/mx-chain-vm-go/wasmer2/wasmer2InstanceMemory.go:65.52,67.2 1 0
github.com/multiversx/mx-chain-vm-go/wasmer2/wasmer2Static.go:4.37,6.2 1 0
